

Processing ApplicationController#index (for 127.0.0.1 at 2011-10-27 16:14:46) [GET]

ActionController::RoutingError (No route matches "/home/index.html" with {:method=>:get}):
  

Rendering rescues/layout (not_found)


Processing HomeController#index (for 127.0.0.1 at 2011-10-27 16:15:15) [GET]
Rendering home/index
Completed in 5ms (View: 4, DB: 0) | 200 OK [http://localhost/home]


Processing ApplicationController#index (for 127.0.0.1 at 2011-10-27 21:39:26) [GET]

MissingSourceFile (no such file to load -- twilio-ruby):
  app/controllers/home_controller.rb:2

Rendered rescues/_trace (26.2ms)
Rendered rescues/_request_and_response (102.0ms)
Rendering rescues/layout (internal_server_error)


Processing HomeController#index (for 127.0.0.1 at 2011-10-27 21:44:23) [GET]

NoMethodError (You have a nil object when you didn't expect it!
The error occurred while evaluating nil.account):
  app/controllers/home_controller.rb:13:in `index'

Rendered rescues/_trace (57.3ms)
Rendered rescues/_request_and_response (0.9ms)
Rendering rescues/layout (internal_server_error)


Processing HomeController#index (for 127.0.0.1 at 2011-10-27 21:45:11) [GET]

NameError (undefined local variable or method `account_sid' for #<HomeController:0x1018f74e0>):
  app/controllers/home_controller.rb:12:in `index'

Rendered rescues/_trace (53.8ms)
Rendered rescues/_request_and_response (0.8ms)
Rendering rescues/layout (internal_server_error)


Processing HomeController#index (for 127.0.0.1 at 2011-10-27 21:45:44) [GET]

NoMethodError (undefined method `new' for :Client:Symbol):
  app/controllers/home_controller.rb:12:in `index'

Rendered rescues/_trace (54.5ms)
Rendered rescues/_request_and_response (0.9ms)
Rendering rescues/layout (internal_server_error)


Processing HomeController#index (for 127.0.0.1 at 2011-10-27 21:47:10) [GET]
Rendering home/index

ActionView::TemplateError (undefined method `each' for #<Twilio::REST::Messages:0x1018de8a0>) on line #3 of app/views/home/index.html.erb:
1: <h1>Home#index</h1>
2: <p>Find me in app/views/home/index.html.erb</p>
3: <% @messages.each do |message| %>
4:   <% render :partial => "home/listing", :locals => { :post => message } %>
5: 
6:   <hr/>

    app/views/home/index.html.erb:3

Rendered rescues/_trace (56.9ms)
Rendered rescues/_request_and_response (0.8ms)
Rendering rescues/layout (internal_server_error)


Processing HomeController#index (for 127.0.0.1 at 2011-10-27 21:50:30) [GET]
Rendering home/index

ActionView::TemplateError (Missing template home/_listing.erb in view path app/views) on line #4 of app/views/home/index.html.erb:
1: <h1>Home#index</h1>
2: <p>Find me in app/views/home/index.html.erb</p>
3: <% @messages.each do |message| %>
4:   <% render :partial => "home/listing", :locals => { :post => message } %>
5: 
6:   <hr/>
7: <% end %>

    app/views/home/index.html.erb:4
    app/views/home/index.html.erb:3:in `each'
    app/views/home/index.html.erb:3

Rendered rescues/_trace (59.7ms)
Rendered rescues/_request_and_response (0.8ms)
Rendering rescues/layout (internal_server_error)


Processing HomeController#index (for 127.0.0.1 at 2011-10-27 21:52:17) [GET]
Rendering home/index
Completed in 1433ms (View: 4, DB: 0) | 200 OK [http://localhost/home]


Processing HomeController#index (for 127.0.0.1 at 2011-10-27 21:53:20) [GET]
Rendering home/index
Completed in 359ms (View: 4, DB: 0) | 200 OK [http://localhost/home]


Processing HomeController#index (for 192.168.62.67 at 2011-10-27 21:55:37) [GET]
Rendering home/index
Completed in 934ms (View: 15, DB: 0) | 200 OK [http://192.168.62.67/home/index]


Processing HomeController#index (for 192.168.62.67 at 2011-10-27 21:59:58) [GET]
Rendering home/index

ActionView::TemplateError (undefined method `datesent' for #<Twilio::REST::Message:0x101842950>) on line #5 of app/views/home/index.html.erb:
2: <p>Find me in app/views/home/index.html.erb</p>
3: <% @messages.each do |message| %>
4:   <% # render :partial => "home/listing", :locals => { :post => message } %>
5:   <%= 'Date:' << message.datesent << 'From:' << message.from << 'Body:' << message.body %>
6: 
7:   <hr/>
8: <% end %>

    /Library/Ruby/Gems/1.8/gems/twilio-ruby-3.4.2/lib/twilio-ruby/rest/instance_resource.rb:68:in `method_missing'
    app/views/home/index.html.erb:5
    app/views/home/index.html.erb:3:in `each'
    app/views/home/index.html.erb:3

Rendered rescues/_trace (59.6ms)
Rendered rescues/_request_and_response (0.9ms)
Rendering rescues/layout (internal_server_error)


Processing HomeController#index (for 192.168.62.67 at 2011-10-27 22:00:26) [GET]
Rendering home/index
Completed in 553ms (View: 4, DB: 0) | 200 OK [http://192.168.62.67/home/index]


Processing HomeController#index (for 192.168.62.67 at 2011-10-27 22:01:00) [GET]
Rendering home/index
Completed in 284ms (View: 4, DB: 0) | 200 OK [http://192.168.62.67/home/index]


Processing HomeController#index (for 192.168.62.67 at 2011-10-27 22:03:17) [GET]
Rendering home/index

ActionView::TemplateError (undefined method `date' for #<Twilio::REST::Message:0x101853e80>) on line #5 of app/views/home/index.html.erb:
2: <p>Find me in app/views/home/index.html.erb</p>
3: <% @messages.each do |message| %>
4:   <% # render :partial => "home/listing", :locals => { :post => message } %>
5:   <%= 'Date:' << message.date %>
6:   <%= 'From:' << message.from %>
7:   <%= 'Body:' << message.body %>
8:   <hr/>

    /Library/Ruby/Gems/1.8/gems/twilio-ruby-3.4.2/lib/twilio-ruby/rest/instance_resource.rb:68:in `method_missing'
    app/views/home/index.html.erb:5
    app/views/home/index.html.erb:3:in `each'
    app/views/home/index.html.erb:3

Rendered rescues/_trace (58.5ms)
Rendered rescues/_request_and_response (0.9ms)
Rendering rescues/layout (internal_server_error)


Processing HomeController#index (for 192.168.62.67 at 2011-10-27 22:03:34) [GET]
Rendering home/index

ActionView::TemplateError (undefined method `datesent' for #<Twilio::REST::Message:0x101853f98>) on line #5 of app/views/home/index.html.erb:
2: <p>Find me in app/views/home/index.html.erb</p>
3: <% @messages.each do |message| %>
4:   <% # render :partial => "home/listing", :locals => { :post => message } %>
5:   <%= 'Date:' << message.datesent %>
6:   <%= 'From:' << message.from %>
7:   <%= 'Body:' << message.body %>
8:   <hr/>

    /Library/Ruby/Gems/1.8/gems/twilio-ruby-3.4.2/lib/twilio-ruby/rest/instance_resource.rb:68:in `method_missing'
    app/views/home/index.html.erb:5
    app/views/home/index.html.erb:3:in `each'
    app/views/home/index.html.erb:3

Rendered rescues/_trace (58.9ms)
Rendered rescues/_request_and_response (0.8ms)
Rendering rescues/layout (internal_server_error)


Processing HomeController#index (for 192.168.62.67 at 2011-10-27 22:03:49) [GET]
Rendering home/index

ActionView::TemplateError (undefined method `dateSent' for #<Twilio::REST::Message:0x101853f98>) on line #5 of app/views/home/index.html.erb:
2: <p>Find me in app/views/home/index.html.erb</p>
3: <% @messages.each do |message| %>
4:   <% # render :partial => "home/listing", :locals => { :post => message } %>
5:   <%= 'Date:' << message.dateSent %>
6:   <%= 'From:' << message.from %>
7:   <%= 'Body:' << message.body %>
8:   <hr/>

    /Library/Ruby/Gems/1.8/gems/twilio-ruby-3.4.2/lib/twilio-ruby/rest/instance_resource.rb:68:in `method_missing'
    app/views/home/index.html.erb:5
    app/views/home/index.html.erb:3:in `each'
    app/views/home/index.html.erb:3

Rendered rescues/_trace (58.1ms)
Rendered rescues/_request_and_response (0.9ms)
Rendering rescues/layout (internal_server_error)


Processing HomeController#index (for 192.168.62.67 at 2011-10-27 22:04:05) [GET]
Rendering home/index
Completed in 310ms (View: 4, DB: 0) | 200 OK [http://192.168.62.67/home/index]


Processing HomeController#index (for 192.168.62.67 at 2011-10-27 22:04:28) [GET]
Rendering home/index
Completed in 346ms (View: 4, DB: 0) | 200 OK [http://192.168.62.67/home/index]


Processing HomeController#index (for 192.168.62.67 at 2011-10-27 22:07:41) [GET]
Rendering home/index
Completed in 803ms (View: 1, DB: 0) | 200 OK [http://192.168.62.67/home/index]


Processing HomeController#index (for 192.168.62.67 at 2011-10-27 22:07:47) [GET]
Rendering home/index
Completed in 433ms (View: 1, DB: 0) | 200 OK [http://192.168.62.67/home/index]


Processing HomeController#index (for 192.168.62.67 at 2011-10-27 22:08:00) [GET]
Rendering home/index
Completed in 440ms (View: 1, DB: 0) | 200 OK [http://192.168.62.67/home/index]


Processing HomeController#index (for 192.168.62.67 at 2011-10-27 22:11:43) [GET]
Rendering home/index
Completed in 877ms (View: 4, DB: 0) | 200 OK [http://192.168.62.67/home/index]


Processing HomeController#index (for 192.168.62.67 at 2011-10-27 22:11:47) [GET]
Rendering home/index
Completed in 278ms (View: 1, DB: 0) | 200 OK [http://192.168.62.67/home/index]


Processing HomeController#index (for 192.168.62.67 at 2011-10-27 22:12:05) [GET]
Rendering home/index
Completed in 270ms (View: 4, DB: 0) | 200 OK [http://192.168.62.67/home/index]


Processing HomeController#index (for 192.168.62.67 at 2011-10-27 22:12:08) [GET]
Rendering home/index
Completed in 299ms (View: 1, DB: 0) | 200 OK [http://192.168.62.67/home/index]


Processing HomeController#index (for 192.168.62.67 at 2011-10-27 22:12:19) [GET]
Rendering home/index
Completed in 323ms (View: 4, DB: 0) | 200 OK [http://192.168.62.67/home/index]


Processing HomeController#index (for 192.168.62.67 at 2011-10-27 22:12:23) [GET]
Rendering home/index
Completed in 368ms (View: 1, DB: 0) | 200 OK [http://192.168.62.67/home/index]


Processing HomeController#index (for 192.168.62.67 at 2011-10-27 22:13:06) [GET]
Rendering home/index
Completed in 828ms (View: 4, DB: 0) | 200 OK [http://192.168.62.67/home/index]


Processing HomeController#index (for 192.168.62.67 at 2011-10-27 22:14:20) [GET]
Rendering home/index
Completed in 380ms (View: 1, DB: 0) | 200 OK [http://192.168.62.67/home/index]


Processing HomeController#index (for 192.168.62.67 at 2011-10-27 22:14:22) [GET]
Rendering home/index
Completed in 298ms (View: 1, DB: 0) | 200 OK [http://192.168.62.67/home/index]


Processing HomeController#index (for 192.168.62.67 at 2011-10-27 22:14:23) [GET]
Rendering home/index
Completed in 845ms (View: 1, DB: 0) | 200 OK [http://192.168.62.67/home/index]


Processing HomeController#index (for 192.168.62.67 at 2011-10-27 22:14:40) [GET]
Rendering home/index
Completed in 334ms (View: 1, DB: 0) | 200 OK [http://192.168.62.67/home/index]


Processing HomeController#index (for 192.168.62.67 at 2011-10-27 22:15:19) [GET]
Rendering home/index
Completed in 375ms (View: 4, DB: 0) | 200 OK [http://192.168.62.67/home/index]


Processing HomeController#index (for 192.168.62.67 at 2011-10-27 22:15:41) [GET]
Rendering home/index
Completed in 704ms (View: 4, DB: 0) | 200 OK [http://192.168.62.67/home/index]


Processing HomeController#index (for 192.168.62.67 at 2011-10-27 22:18:10) [GET]

TypeError (can't dump anonymous class Class):
  /System/Library/Frameworks/Ruby.framework/Versions/1.8/usr/lib/ruby/1.8/yaml/rubytypes.rb:6:in `to_yaml'
  /System/Library/Frameworks/Ruby.framework/Versions/1.8/usr/lib/ruby/1.8/yaml/rubytypes.rb:18:in `node_export'
  /System/Library/Frameworks/Ruby.framework/Versions/1.8/usr/lib/ruby/1.8/yaml/rubytypes.rb:18:in `add'
  /System/Library/Frameworks/Ruby.framework/Versions/1.8/usr/lib/ruby/1.8/yaml/rubytypes.rb:18:in `to_yaml'
  /System/Library/Frameworks/Ruby.framework/Versions/1.8/usr/lib/ruby/1.8/yaml/rubytypes.rb:17:in `each'
  /System/Library/Frameworks/Ruby.framework/Versions/1.8/usr/lib/ruby/1.8/yaml/rubytypes.rb:17:in `to_yaml'
  /System/Library/Frameworks/Ruby.framework/Versions/1.8/usr/lib/ruby/1.8/yaml/rubytypes.rb:16:in `map'
  /System/Library/Frameworks/Ruby.framework/Versions/1.8/usr/lib/ruby/1.8/yaml/rubytypes.rb:16:in `to_yaml'
  /System/Library/Frameworks/Ruby.framework/Versions/1.8/usr/lib/ruby/1.8/yaml.rb:391:in `call'
  /System/Library/Frameworks/Ruby.framework/Versions/1.8/usr/lib/ruby/1.8/yaml.rb:391:in `emit'
  /System/Library/Frameworks/Ruby.framework/Versions/1.8/usr/lib/ruby/1.8/yaml.rb:391:in `quick_emit'
  /System/Library/Frameworks/Ruby.framework/Versions/1.8/usr/lib/ruby/1.8/yaml/rubytypes.rb:15:in `to_yaml'
  /System/Library/Frameworks/Ruby.framework/Versions/1.8/usr/lib/ruby/1.8/yaml/rubytypes.rb:18:in `node_export'
  /System/Library/Frameworks/Ruby.framework/Versions/1.8/usr/lib/ruby/1.8/yaml/rubytypes.rb:18:in `add'
  /System/Library/Frameworks/Ruby.framework/Versions/1.8/usr/lib/ruby/1.8/yaml/rubytypes.rb:18:in `to_yaml'
  /System/Library/Frameworks/Ruby.framework/Versions/1.8/usr/lib/ruby/1.8/yaml/rubytypes.rb:17:in `each'
  /System/Library/Frameworks/Ruby.framework/Versions/1.8/usr/lib/ruby/1.8/yaml/rubytypes.rb:17:in `to_yaml'
  /System/Library/Frameworks/Ruby.framework/Versions/1.8/usr/lib/ruby/1.8/yaml/rubytypes.rb:16:in `map'
  /System/Library/Frameworks/Ruby.framework/Versions/1.8/usr/lib/ruby/1.8/yaml/rubytypes.rb:16:in `to_yaml'
  /System/Library/Frameworks/Ruby.framework/Versions/1.8/usr/lib/ruby/1.8/yaml.rb:391:in `call'
  /System/Library/Frameworks/Ruby.framework/Versions/1.8/usr/lib/ruby/1.8/yaml.rb:391:in `emit'
  /System/Library/Frameworks/Ruby.framework/Versions/1.8/usr/lib/ruby/1.8/yaml.rb:391:in `quick_emit'
  /System/Library/Frameworks/Ruby.framework/Versions/1.8/usr/lib/ruby/1.8/yaml/rubytypes.rb:15:in `to_yaml'
  /System/Library/Frameworks/Ruby.framework/Versions/1.8/usr/lib/ruby/1.8/yaml/rubytypes.rb:18:in `node_export'
  /System/Library/Frameworks/Ruby.framework/Versions/1.8/usr/lib/ruby/1.8/yaml/rubytypes.rb:18:in `add'
  /System/Library/Frameworks/Ruby.framework/Versions/1.8/usr/lib/ruby/1.8/yaml/rubytypes.rb:18:in `to_yaml'
  /System/Library/Frameworks/Ruby.framework/Versions/1.8/usr/lib/ruby/1.8/yaml/rubytypes.rb:17:in `each'
  /System/Library/Frameworks/Ruby.framework/Versions/1.8/usr/lib/ruby/1.8/yaml/rubytypes.rb:17:in `to_yaml'
  /System/Library/Frameworks/Ruby.framework/Versions/1.8/usr/lib/ruby/1.8/yaml/rubytypes.rb:16:in `map'
  /System/Library/Frameworks/Ruby.framework/Versions/1.8/usr/lib/ruby/1.8/yaml/rubytypes.rb:16:in `to_yaml'
  /System/Library/Frameworks/Ruby.framework/Versions/1.8/usr/lib/ruby/1.8/yaml.rb:391:in `call'
  /System/Library/Frameworks/Ruby.framework/Versions/1.8/usr/lib/ruby/1.8/yaml.rb:391:in `emit'
  /System/Library/Frameworks/Ruby.framework/Versions/1.8/usr/lib/ruby/1.8/yaml.rb:391:in `quick_emit'
  /System/Library/Frameworks/Ruby.framework/Versions/1.8/usr/lib/ruby/1.8/yaml/rubytypes.rb:15:in `to_yaml'
  /System/Library/Frameworks/Ruby.framework/Versions/1.8/usr/lib/ruby/1.8/yaml/rubytypes.rb:18:in `node_export'
  /System/Library/Frameworks/Ruby.framework/Versions/1.8/usr/lib/ruby/1.8/yaml/rubytypes.rb:18:in `add'
  /System/Library/Frameworks/Ruby.framework/Versions/1.8/usr/lib/ruby/1.8/yaml/rubytypes.rb:18:in `to_yaml'
  /System/Library/Frameworks/Ruby.framework/Versions/1.8/usr/lib/ruby/1.8/yaml/rubytypes.rb:17:in `each'
  /System/Library/Frameworks/Ruby.framework/Versions/1.8/usr/lib/ruby/1.8/yaml/rubytypes.rb:17:in `to_yaml'
  /System/Library/Frameworks/Ruby.framework/Versions/1.8/usr/lib/ruby/1.8/yaml/rubytypes.rb:16:in `map'
  /System/Library/Frameworks/Ruby.framework/Versions/1.8/usr/lib/ruby/1.8/yaml/rubytypes.rb:16:in `to_yaml'
  /System/Library/Frameworks/Ruby.framework/Versions/1.8/usr/lib/ruby/1.8/yaml.rb:391:in `call'
  /System/Library/Frameworks/Ruby.framework/Versions/1.8/usr/lib/ruby/1.8/yaml.rb:391:in `emit'
  /System/Library/Frameworks/Ruby.framework/Versions/1.8/usr/lib/ruby/1.8/yaml.rb:391:in `quick_emit'
  /System/Library/Frameworks/Ruby.framework/Versions/1.8/usr/lib/ruby/1.8/yaml/rubytypes.rb:15:in `to_yaml'
  /System/Library/Frameworks/Ruby.framework/Versions/1.8/usr/lib/ruby/1.8/yaml.rb:117:in `dump'
  app/controllers/home_controller.rb:11:in `index'
  app/controllers/home_controller.rb:10:in `each'
  app/controllers/home_controller.rb:10:in `index'

Rendered rescues/_trace (68.3ms)
Rendered rescues/_request_and_response (0.8ms)
Rendering rescues/layout (internal_server_error)


Processing HomeController#index (for 192.168.62.67 at 2011-10-27 22:18:46) [GET]
Rendering home/index
Completed in 368ms (View: 4, DB: 0) | 200 OK [http://192.168.62.67/home/index]


Processing HomeController#index (for 192.168.62.67 at 2011-10-27 22:19:32) [GET]
Rendering home/index

ActionView::TemplateError (undefined method `DateSent' for #<Twilio::REST::Message:0x101852620>) on line #7 of app/views/home/index.html.erb:
4:   <% # render :partial => "home/listing", :locals => { :post => message } %>
5:   <%= 'From:' << message.from %> <br/>
6:   <%= 'Body:' << message.body %>
7:   <%= message.DateSent %>
8:   <hr/>
9: <% end %>

    /Library/Ruby/Gems/1.8/gems/twilio-ruby-3.4.2/lib/twilio-ruby/rest/instance_resource.rb:68:in `method_missing'
    app/views/home/index.html.erb:7
    app/views/home/index.html.erb:3:in `each'
    app/views/home/index.html.erb:3

Rendered rescues/_trace (57.4ms)
Rendered rescues/_request_and_response (0.9ms)
Rendering rescues/layout (internal_server_error)


Processing HomeController#index (for 192.168.62.67 at 2011-10-27 22:19:53) [GET]
Rendering home/index

ActionView::TemplateError (undefined method `ds' for #<Twilio::REST::Message:0x1018527b0>) on line #7 of app/views/home/index.html.erb:
4:   <% # render :partial => "home/listing", :locals => { :post => message } %>
5:   <%= 'From:' << message.from %> <br/>
6:   <%= 'Body:' << message.body %>
7:   <%= message.ds %>
8:   <hr/>
9: <% end %>

    /Library/Ruby/Gems/1.8/gems/twilio-ruby-3.4.2/lib/twilio-ruby/rest/instance_resource.rb:68:in `method_missing'
    app/views/home/index.html.erb:7
    app/views/home/index.html.erb:3:in `each'
    app/views/home/index.html.erb:3

Rendered rescues/_trace (56.6ms)
Rendered rescues/_request_and_response (0.8ms)
Rendering rescues/layout (internal_server_error)


Processing HomeController#index (for 192.168.62.67 at 2011-10-27 22:20:12) [GET]
Rendering home/index

ActionView::TemplateError (undefined method `sent' for #<Twilio::REST::Message:0x1018527b0>) on line #7 of app/views/home/index.html.erb:
4:   <% # render :partial => "home/listing", :locals => { :post => message } %>
5:   <%= 'From:' << message.from %> <br/>
6:   <%= 'Body:' << message.body %>
7:   <%= 'Sent:' << message.sent %>
8:   <hr/>
9: <% end %>

    /Library/Ruby/Gems/1.8/gems/twilio-ruby-3.4.2/lib/twilio-ruby/rest/instance_resource.rb:68:in `method_missing'
    app/views/home/index.html.erb:7
    app/views/home/index.html.erb:3:in `each'
    app/views/home/index.html.erb:3

Rendered rescues/_trace (57.6ms)
Rendered rescues/_request_and_response (0.9ms)
Rendering rescues/layout (internal_server_error)


Processing HomeController#index (for 192.168.62.67 at 2011-10-27 22:20:36) [GET]
Rendering home/index

ActionView::TemplateError (undefined method `date' for #<Twilio::REST::Message:0x1018527b0>) on line #7 of app/views/home/index.html.erb:
4:   <% # render :partial => "home/listing", :locals => { :post => message } %>
5:   <%= 'From:' << message.from %> <br/>
6:   <%= 'Body:' << message.body %>
7:   <%= 'Sent:' << message.date %>
8:   <hr/>
9: <% end %>

    /Library/Ruby/Gems/1.8/gems/twilio-ruby-3.4.2/lib/twilio-ruby/rest/instance_resource.rb:68:in `method_missing'
    app/views/home/index.html.erb:7
    app/views/home/index.html.erb:3:in `each'
    app/views/home/index.html.erb:3

Rendered rescues/_trace (57.0ms)
Rendered rescues/_request_and_response (0.9ms)
Rendering rescues/layout (internal_server_error)


Processing HomeController#index (for 192.168.62.67 at 2011-10-27 22:21:18) [GET]
Rendering home/index
Completed in 833ms (View: 4, DB: 0) | 200 OK [http://192.168.62.67/home/index]


Processing HomeController#index (for 192.168.62.67 at 2011-10-27 22:23:07) [GET]
Rendering home/index

ActionView::TemplateError (undefined method `uri' for #<Twilio::REST::Message:0x101852648>) on line #8 of app/views/home/index.html.erb:
5:   <%= 'From:' << message.from %> <br/>
6:   <%= 'To:' << message.to %> <br/>
7:   <%= 'Body:' << message.body %> <br/>
8:   <%= 'Uri:' << message.uri %> 
9:   <hr/>
10: <% end %>

    /Library/Ruby/Gems/1.8/gems/twilio-ruby-3.4.2/lib/twilio-ruby/rest/instance_resource.rb:68:in `method_missing'
    app/views/home/index.html.erb:8
    app/views/home/index.html.erb:3:in `each'
    app/views/home/index.html.erb:3

Rendered rescues/_trace (56.3ms)
Rendered rescues/_request_and_response (0.8ms)
Rendering rescues/layout (internal_server_error)


Processing HomeController#index (for 192.168.62.67 at 2011-10-27 22:23:35) [GET]
Rendering home/index

ActionView::TemplateError (private method `URI' called for #<Twilio::REST::Message:0x1018527b0>) on line #8 of app/views/home/index.html.erb:
5:   <%= 'From:' << message.from %> <br/>
6:   <%= 'To:' << message.to %> <br/>
7:   <%= 'Body:' << message.body %> <br/>
8:   <%= 'Uri:' << message.URI %> 
9:   <hr/>
10: <% end %>

    /Library/Ruby/Gems/1.8/gems/twilio-ruby-3.4.2/lib/twilio-ruby/rest/instance_resource.rb:68:in `method_missing'
    app/views/home/index.html.erb:8
    app/views/home/index.html.erb:3:in `each'
    app/views/home/index.html.erb:3

Rendered rescues/_trace (56.9ms)
Rendered rescues/_request_and_response (0.9ms)
Rendering rescues/layout (internal_server_error)


Processing HomeController#index (for 192.168.62.67 at 2011-10-27 22:24:20) [GET]
Rendering home/index
Completed in 292ms (View: 4, DB: 0) | 200 OK [http://192.168.62.67/home/index]


Processing HomeController#index (for 192.168.62.67 at 2011-10-27 22:26:42) [GET]
Rendering home/index
Completed in 684ms (View: 4, DB: 0) | 200 OK [http://192.168.62.67/home/index]


Processing HomeController#index (for 192.168.62.67 at 2011-10-27 23:01:22) [GET]
Rendering home/index
Completed in 1425ms (View: 11, DB: 0) | 200 OK [http://192.168.62.67/home/index]
  [4;36;1mSQL (0.2ms)[0m   [0;1m SELECT name
 FROM sqlite_master
 WHERE type = 'table' AND NOT name = 'sqlite_sequence'
[0m
  [4;35;1mSQL (0.1ms)[0m   [0mselect sqlite_version(*)[0m
  [4;36;1mSQL (2.4ms)[0m   [0;1mCREATE TABLE "schema_migrations" ("version" varchar(255) NOT NULL) [0m
  [4;35;1mSQL (37.5ms)[0m   [0mCREATE UNIQUE INDEX "unique_schema_migrations" ON "schema_migrations" ("version")[0m
  [4;36;1mSQL (0.3ms)[0m   [0;1m SELECT name
 FROM sqlite_master
 WHERE type = 'table' AND NOT name = 'sqlite_sequence'
[0m
  [4;35;1mSQL (0.2ms)[0m   [0mSELECT version FROM schema_migrations[0m
Migrating to CreateUsers (20111028024716)
  [4;36;1mSQL (0.6ms)[0m   [0;1mCREATE TABLE "users" ("id" INTEGER PRIMARY KEY AUTOINCREMENT NOT NULL, "name" varchar(255), "phone_number" varchar(255), "link" varchar(255), "email" varchar(255), "created_at" datetime, "updated_at" datetime) [0m
  [4;35;1mSQL (0.1ms)[0m   [0mINSERT INTO schema_migrations (version) VALUES ('20111028024716')[0m
Migrating to CreatePosts (20111028031129)
  [4;36;1mSQL (0.4ms)[0m   [0;1mCREATE TABLE "posts" ("id" INTEGER PRIMARY KEY AUTOINCREMENT NOT NULL, "user_id" integer, "sms_date" datetime, "sms_body" text, "p1" text, "p2" text, "p3" text, "p4" text, "p5" text, "np1" varchar(255), "np2" text, "np3" text, "nn1" text, "nn2" text, "created_at" datetime, "updated_at" datetime) [0m
  [4;35;1mSQL (0.1ms)[0m   [0mINSERT INTO schema_migrations (version) VALUES ('20111028031129')[0m
  [4;36;1mSQL (0.2ms)[0m   [0;1m SELECT name
 FROM sqlite_master
 WHERE type = 'table' AND NOT name = 'sqlite_sequence'
[0m
  [4;35;1mSQL (0.1ms)[0m   [0mSELECT version FROM schema_migrations[0m
  [4;36;1mSQL (0.1ms)[0m   [0;1m SELECT name
 FROM sqlite_master
 WHERE type = 'table' AND NOT name = 'sqlite_sequence'
[0m
  [4;35;1mSQL (0.0ms)[0m   [0mPRAGMA index_list("posts")[0m
  [4;36;1mSQL (0.0ms)[0m   [0;1mPRAGMA index_list("users")[0m


Processing HomeController#index (for 192.168.62.67 at 2011-10-27 23:14:43) [GET]
Rendering home/index
Completed in 1184ms (View: 4, DB: 0) | 200 OK [http://192.168.62.67/home/index]
