

Processing HomeController#index (for 12.31.142.2 at 2011-11-17 12:23:56) [GET]

ActiveRecord::StatementInvalid (SQLite3::SQLException: no such table: users: SELECT * FROM "users" ):
  app/controllers/home_controller.rb:19:in `index'
  passenger (2.2.4) lib/phusion_passenger/rack/request_handler.rb:91:in `process_request'
  passenger (2.2.4) lib/phusion_passenger/abstract_request_handler.rb:206:in `main_loop'
  passenger (2.2.4) lib/phusion_passenger/railz/application_spawner.rb:376:in `start_request_handler'
  passenger (2.2.4) lib/phusion_passenger/railz/application_spawner.rb:334:in `handle_spawn_application'
  passenger (2.2.4) lib/phusion_passenger/utils.rb:182:in `safe_fork'
  passenger (2.2.4) lib/phusion_passenger/railz/application_spawner.rb:332:in `handle_spawn_application'
  passenger (2.2.4) lib/phusion_passenger/abstract_server.rb:351:in `__send__'
  passenger (2.2.4) lib/phusion_passenger/abstract_server.rb:351:in `main_loop'
  passenger (2.2.4) lib/phusion_passenger/abstract_server.rb:195:in `start_synchronously'
  passenger (2.2.4) lib/phusion_passenger/abstract_server.rb:162:in `start'
  passenger (2.2.4) lib/phusion_passenger/railz/application_spawner.rb:213:in `start'
  passenger (2.2.4) lib/phusion_passenger/spawn_manager.rb:261:in `spawn_rails_application'
  passenger (2.2.4) lib/phusion_passenger/abstract_server_collection.rb:126:in `lookup_or_add'
  passenger (2.2.4) lib/phusion_passenger/spawn_manager.rb:255:in `spawn_rails_application'
  passenger (2.2.4) lib/phusion_passenger/abstract_server_collection.rb:80:in `synchronize'
  passenger (2.2.4) lib/phusion_passenger/abstract_server_collection.rb:79:in `synchronize'
  passenger (2.2.4) lib/phusion_passenger/spawn_manager.rb:254:in `spawn_rails_application'
  passenger (2.2.4) lib/phusion_passenger/spawn_manager.rb:153:in `spawn_application'
  passenger (2.2.4) lib/phusion_passenger/spawn_manager.rb:286:in `handle_spawn_application'
  passenger (2.2.4) lib/phusion_passenger/abstract_server.rb:351:in `__send__'
  passenger (2.2.4) lib/phusion_passenger/abstract_server.rb:351:in `main_loop'
  passenger (2.2.4) lib/phusion_passenger/abstract_server.rb:195:in `start_synchronously'

Rendering /home/upsfall2011/public/500.html (500 Internal Server Error)


Processing HomeController#twilioResponse (for 184.73.10.89 at 2011-11-17 12:24:26) [POST]
  Parameters: {"FromState"=>"GA", "ToState"=>"PA", "AccountSid"=>"AC0bb1fd0388354f33b14da8ad86289a4f", "Body"=>"Hello", "SmsMessageSid"=>"SMc0602d14e1cacf96b5318594cb976056", "FromCity"=>"GAINESVILLE", "From"=>"+16789781547", "SmsStatus"=>"received", "To"=>"+14123574034", "FromCountry"=>"US", "FromZip"=>"30507", "ToCity"=>"PITTSBURGH", "ToZip"=>"15219", "ToCountry"=>"US", "SmsSid"=>"SMc0602d14e1cacf96b5318594cb976056", "ApiVersion"=>"2010-04-01"}
TwilioResponse entered
From: +16789781547;Body: Hello
Creating new user...
Creating new post...
Done creating new post
Done creating new user
Completed in 948ms (View: 1, DB: 2) | 200 OK [http://saucers.cups.cs.cmu.edu/fallproject/home/twilioResponse]


Processing HomeController#index (for 12.31.142.2 at 2011-11-17 12:24:28) [GET]
Redirected to http://saucers.cups.cs.cmu.edu/fallproject/users
Completed in 5ms (DB: 1) | 302 Found [http://saucers.cups.cs.cmu.edu/fallproject/home]


Processing UsersController#index (for 12.31.142.2 at 2011-11-17 12:24:28) [GET]
Rendering template within layouts/application
Rendering users/index
Completed in 762ms (View: 6, DB: 1) | 200 OK [http://saucers.cups.cs.cmu.edu/fallproject/users]


Processing UsersController#edit (for 12.31.142.2 at 2011-11-17 12:24:36) [GET]
  Parameters: {"id"=>"1"}
Rendering template within layouts/application
Rendering users/edit
Completed in 15ms (View: 13, DB: 0) | 200 OK [http://saucers.cups.cs.cmu.edu/fallproject/users/1/edit]


Processing HomeController#twilioResponse (for 184.73.10.89 at 2011-11-17 12:24:59) [POST]
  Parameters: {"FromState"=>"GA", "ToState"=>"PA", "AccountSid"=>"AC0bb1fd0388354f33b14da8ad86289a4f", "Body"=>"sauvik@cmu.edu", "SmsMessageSid"=>"SMa7afb7ee81b04bcbd14fc8271fcc9775", "FromCity"=>"GAINESVILLE", "From"=>"+16789781547", "SmsStatus"=>"received", "To"=>"+14123574034", "FromCountry"=>"US", "FromZip"=>"30507", "ToCity"=>"PITTSBURGH", "ToZip"=>"15219", "ToCountry"=>"US", "SmsSid"=>"SMa7afb7ee81b04bcbd14fc8271fcc9775", "ApiVersion"=>"2010-04-01"}
TwilioResponse entered
From: +16789781547;Body: sauvik@cmu.edu
Completed in 9ms (View: 1, DB: 1) | 200 OK [http://saucers.cups.cs.cmu.edu/fallproject/home/twilioResponse]


Processing UsersController#edit (for 12.31.142.2 at 2011-11-17 12:25:14) [GET]
  Parameters: {"id"=>"1"}
Rendering template within layouts/application
Rendering users/edit
Completed in 13ms (View: 11, DB: 0) | 200 OK [http://saucers.cups.cs.cmu.edu/fallproject/users/1/edit]


Processing UsersController#index (for 12.31.142.2 at 2011-11-17 12:28:26) [GET]
Rendering template within layouts/application
Rendering users/index
Completed in 761ms (View: 6, DB: 2) | 200 OK [http://saucers.cups.cs.cmu.edu/fallproject/users]


Processing UsersController#index (for 12.31.142.2 at 2011-11-17 12:28:29) [GET]
Rendering template within layouts/application
Rendering users/index
Completed in 9ms (View: 2, DB: 1) | 200 OK [http://saucers.cups.cs.cmu.edu/fallproject/users]


Processing UsersController#edit (for 12.31.142.2 at 2011-11-17 12:28:31) [GET]
  Parameters: {"id"=>"1"}
Rendering template within layouts/application
Rendering users/edit
Completed in 15ms (View: 13, DB: 0) | 200 OK [http://saucers.cups.cs.cmu.edu/fallproject/users/1/edit]


Processing HomeController#index (for 12.31.142.2 at 2011-11-17 12:28:35) [GET]
  Parameters: {"id"=>"1157fb24921249c141ed1e9279858dd7"}
Rendering template within layouts/application
Rendering home/index
Completed in 14ms (View: 5, DB: 2) | 200 OK [http://saucers.cups.cs.cmu.edu/fallproject/home?id=1157fb24921249c141ed1e9279858dd7]


Processing HomeController#index (for 12.31.142.2 at 2011-11-17 12:35:09) [GET]
  Parameters: {"id"=>"1157fb24921249c141ed1e9279858dd7"}
Rendering template within layouts/application
Rendering home/index
Completed in 9ms (View: 2, DB: 1) | 200 OK [http://saucers.cups.cs.cmu.edu/fallproject/home?id=1157fb24921249c141ed1e9279858dd7]


Processing HomeController#index (for 12.31.142.2 at 2011-11-17 12:41:38) [GET]
Redirected to http://saucers.cups.cs.cmu.edu/fallproject/users
Completed in 5ms (DB: 1) | 302 Found [http://saucers.cups.cs.cmu.edu/fallproject/home]


Processing UsersController#index (for 12.31.142.2 at 2011-11-17 12:41:38) [GET]
Rendering template within layouts/application
Rendering users/index
Completed in 766ms (View: 6, DB: 1) | 200 OK [http://saucers.cups.cs.cmu.edu/fallproject/users]


Processing UsersController#edit (for 12.31.142.2 at 2011-11-17 12:42:21) [GET]
  Parameters: {"id"=>"1"}
Rendering template within layouts/application
Rendering users/edit
Completed in 15ms (View: 13, DB: 0) | 200 OK [http://saucers.cups.cs.cmu.edu/fallproject/users/1/edit]


Processing HomeController#index (for 12.31.142.2 at 2011-11-17 12:42:22) [GET]
  Parameters: {"id"=>"1157fb24921249c141ed1e9279858dd7"}
Rendering template within layouts/application
Rendering home/index
Completed in 12ms (View: 5, DB: 1) | 200 OK [http://saucers.cups.cs.cmu.edu/fallproject/home?id=1157fb24921249c141ed1e9279858dd7]


Processing HomeController#index (for 12.31.142.2 at 2011-11-17 12:42:23) [GET]
  Parameters: {"id"=>"1157fb24921249c141ed1e9279858dd7", "date"=>"2011/11/17"}
Rendering template within layouts/application
Rendering home/index
Completed in 36ms (View: 30, DB: 1) | 200 OK [http://saucers.cups.cs.cmu.edu/fallproject/home?id=1157fb24921249c141ed1e9279858dd7;date=2011/11/17]


Processing PostsController#index (for 12.31.142.2 at 2011-11-17 12:42:47) [GET]
  Parameters: {"uc"=>"u", "id"=>"1157fb24921249c141ed1e9279858dd7", "type"=>"p", "postid"=>"1"}
Rendering template within layouts/application
Rendering posts/index
Completed in 15ms (View: 10, DB: 1) | 200 OK [http://saucers.cups.cs.cmu.edu/fallproject/posts?id=1157fb24921249c141ed1e9279858dd7;postid=1;type=p;uc=u]


Processing HomeController#index (for 12.31.142.2 at 2011-11-17 12:43:01) [PUT]
  Parameters: {"commit"=>"Update", "post"=>{"p1"=>"", "p2"=>"", "sms_date"=>"2011-11-17 17:24:27", "p3"=>"", "p4"=>"", "p5"=>"", "long_description"=>"Hello there", "sms_body"=>"Hello"}, "uc"=>"u", "authenticity_token"=>"oDHDMax229vTOhvb8XeXy/GVOv9ljwNC/1pEQXKE+tQ=", "id"=>"1157fb24921249c141ed1e9279858dd7", "date"=>"2011/11/17", "postid"=>"1"}
Rendering template within layouts/application
Rendering home/index
Completed in 21ms (View: 3, DB: 2) | 200 OK [http://saucers.cups.cs.cmu.edu/fallproject/home?id=1157fb24921249c141ed1e9279858dd7;date=2011/11/17;postid=1;uc=u]


Processing PostsController#index (for 12.31.142.2 at 2011-11-17 12:43:06) [GET]
  Parameters: {"uc"=>"u", "id"=>"1157fb24921249c141ed1e9279858dd7", "type"=>"p", "postid"=>"1"}
Rendering template within layouts/application
Rendering posts/index
Completed in 10ms (View: 7, DB: 1) | 200 OK [http://saucers.cups.cs.cmu.edu/fallproject/posts?id=1157fb24921249c141ed1e9279858dd7;postid=1;type=p;uc=u]


Processing HomeController#index (for 12.31.142.2 at 2011-11-17 12:43:31) [PUT]
  Parameters: {"commit"=>"Update", "post"=>{"p1"=>"why not?", "p2"=>"", "sms_date"=>"2011-11-17 17:24:27", "p3"=>"", "p4"=>"", "p5"=>"", "long_description"=>"", "sms_body"=>"Hello"}, "uc"=>"u", "authenticity_token"=>"oDHDMax229vTOhvb8XeXy/GVOv9ljwNC/1pEQXKE+tQ=", "id"=>"1157fb24921249c141ed1e9279858dd7", "date"=>"2011/11/17", "postid"=>"1"}
Rendering template within layouts/application
Rendering home/index
Completed in 18ms (View: 3, DB: 2) | 200 OK [http://saucers.cups.cs.cmu.edu/fallproject/home?id=1157fb24921249c141ed1e9279858dd7;date=2011/11/17;postid=1;uc=u]


Processing PostsController#index (for 12.31.142.2 at 2011-11-17 12:43:32) [GET]
  Parameters: {"uc"=>"u", "id"=>"1157fb24921249c141ed1e9279858dd7", "type"=>"p", "postid"=>"1"}
Rendering template within layouts/application
Rendering posts/index
Completed in 10ms (View: 7, DB: 1) | 200 OK [http://saucers.cups.cs.cmu.edu/fallproject/posts?id=1157fb24921249c141ed1e9279858dd7;postid=1;type=p;uc=u]


Processing HomeController#index (for 12.31.142.2 at 2011-11-17 12:43:38) [GET]
  Parameters: {"id"=>"1157fb24921249c141ed1e9279858dd7"}
Rendering template within layouts/application
Rendering home/index
Completed in 10ms (View: 2, DB: 2) | 200 OK [http://saucers.cups.cs.cmu.edu/fallproject/home?id=1157fb24921249c141ed1e9279858dd7]


Processing HomeController#index (for 12.31.142.2 at 2011-11-17 12:55:50) [GET]
Redirected to http://saucers.cups.cs.cmu.edu/fallproject/users
Completed in 5ms (DB: 1) | 302 Found [http://saucers.cups.cs.cmu.edu/fallproject/home]


Processing UsersController#index (for 12.31.142.2 at 2011-11-17 12:55:50) [GET]
Rendering template within layouts/application
Rendering users/index
Completed in 761ms (View: 6, DB: 1) | 200 OK [http://saucers.cups.cs.cmu.edu/fallproject/users]


Processing UsersController#edit (for 12.31.142.2 at 2011-11-17 12:55:53) [GET]
  Parameters: {"id"=>"1"}
Rendering template within layouts/application
Rendering users/edit
Completed in 15ms (View: 13, DB: 0) | 200 OK [http://saucers.cups.cs.cmu.edu/fallproject/users/1/edit]


Processing HomeController#index (for 12.31.142.2 at 2011-11-17 12:55:55) [GET]
  Parameters: {"id"=>"1157fb24921249c141ed1e9279858dd7"}
Rendering template within layouts/application
Rendering home/index
Completed in 12ms (View: 5, DB: 2) | 200 OK [http://saucers.cups.cs.cmu.edu/fallproject/home?id=1157fb24921249c141ed1e9279858dd7]


Processing HomeController#index (for 12.31.142.2 at 2011-11-17 12:55:56) [GET]
  Parameters: {"id"=>"1157fb24921249c141ed1e9279858dd7", "date"=>"2011/11/17"}
Rendering template within layouts/application
Rendering home/index
Completed in 35ms (View: 29, DB: 1) | 200 OK [http://saucers.cups.cs.cmu.edu/fallproject/home?id=1157fb24921249c141ed1e9279858dd7;date=2011/11/17]


Processing PostsController#index (for 12.31.142.2 at 2011-11-17 12:56:00) [GET]
  Parameters: {"uc"=>"u", "id"=>"1157fb24921249c141ed1e9279858dd7", "type"=>"p", "postid"=>"1"}
Rendering template within layouts/application
Rendering posts/index
Completed in 15ms (View: 10, DB: 1) | 200 OK [http://saucers.cups.cs.cmu.edu/fallproject/posts?id=1157fb24921249c141ed1e9279858dd7;postid=1;type=p;uc=u]


Processing HomeController#index (for 12.31.142.2 at 2011-11-17 12:58:36) [GET]
  Parameters: {"id"=>"1157fb24921249c141ed1e9279858dd7"}
Rendering template within layouts/application
Rendering home/index
Completed in 9ms (View: 2, DB: 2) | 200 OK [http://saucers.cups.cs.cmu.edu/fallproject/home?id=1157fb24921249c141ed1e9279858dd7]


Processing HomeController#index (for 12.31.142.2 at 2011-11-17 13:03:36) [GET]
  Parameters: {"id"=>"1157fb24921249c141ed1e9279858dd7", "date"=>"2011/11/17"}
Rendering template within layouts/application
Rendering home/index
Completed in 9ms (View: 3, DB: 1) | 200 OK [http://saucers.cups.cs.cmu.edu/fallproject/home?id=1157fb24921249c141ed1e9279858dd7;date=2011/11/17]


Processing PostsController#index (for 12.31.142.2 at 2011-11-17 13:03:37) [GET]
  Parameters: {"uc"=>"u", "id"=>"1157fb24921249c141ed1e9279858dd7", "type"=>"p", "postid"=>"1"}
Rendering template within layouts/application
Rendering posts/index
Completed in 10ms (View: 7, DB: 1) | 200 OK [http://saucers.cups.cs.cmu.edu/fallproject/posts?id=1157fb24921249c141ed1e9279858dd7;postid=1;type=p;uc=u]


Processing HomeController#index (for 12.31.142.2 at 2011-11-17 13:03:41) [PUT]
  Parameters: {"commit"=>"Update", "post"=>{"p1"=>"why not?", "p2"=>"", "sms_date"=>"2011-11-17 17:24:27", "p3"=>"", "p4"=>"", "p5"=>"", "long_description"=>"asdadasdsa", "sms_body"=>"Hello"}, "uc"=>"u", "authenticity_token"=>"oDHDMax229vTOhvb8XeXy/GVOv9ljwNC/1pEQXKE+tQ=", "id"=>"1157fb24921249c141ed1e9279858dd7", "date"=>"2011/11/17", "postid"=>"1"}
Rendering template within layouts/application
Rendering home/index
Completed in 15ms (View: 3, DB: 2) | 200 OK [http://saucers.cups.cs.cmu.edu/fallproject/home?id=1157fb24921249c141ed1e9279858dd7;date=2011/11/17;postid=1;uc=u]


Processing PostsController#index (for 12.31.142.2 at 2011-11-17 13:03:43) [GET]
  Parameters: {"uc"=>"u", "id"=>"1157fb24921249c141ed1e9279858dd7", "type"=>"p", "postid"=>"1"}
Rendering template within layouts/application
Rendering posts/index
Completed in 10ms (View: 7, DB: 1) | 200 OK [http://saucers.cups.cs.cmu.edu/fallproject/posts?id=1157fb24921249c141ed1e9279858dd7;postid=1;type=p;uc=u]


Processing PostsController#index (for 12.31.142.2 at 2011-11-17 13:08:16) [GET]
  Parameters: {"uc"=>"u", "id"=>"1157fb24921249c141ed1e9279858dd7", "type"=>"p", "postid"=>"1"}
Rendering template within layouts/application
Rendering posts/index
Completed in 713ms (View: 38, DB: 1) | 200 OK [http://saucers.cups.cs.cmu.edu/fallproject/posts?id=1157fb24921249c141ed1e9279858dd7;postid=1;type=p;uc=u]


Processing HomeController#index (for 12.31.142.2 at 2011-11-17 13:08:23) [PUT]
  Parameters: {"commit"=>"Update", "post"=>{"p1"=>"why not?", "p2"=>"", "sms_date"=>"2011-11-17 17:24:27", "p3"=>"", "p4"=>"", "p5"=>"", "long_description"=>"asdasdasad", "sms_body"=>"Hello"}, "uc"=>"u", "authenticity_token"=>"oDHDMax229vTOhvb8XeXy/GVOv9ljwNC/1pEQXKE+tQ=", "id"=>"1157fb24921249c141ed1e9279858dd7", "date"=>"2011/11/17", "postid"=>"1"}
Rendering template within layouts/application
Rendering home/index
Completed in 99ms (View: 7, DB: 2) | 200 OK [http://saucers.cups.cs.cmu.edu/fallproject/home?id=1157fb24921249c141ed1e9279858dd7;date=2011/11/17;postid=1;uc=u]


Processing PostsController#index (for 12.31.142.2 at 2011-11-17 13:08:25) [GET]
  Parameters: {"uc"=>"u", "id"=>"1157fb24921249c141ed1e9279858dd7", "type"=>"p", "postid"=>"1"}
Rendering template within layouts/application
Rendering posts/index
Completed in 11ms (View: 8, DB: 1) | 200 OK [http://saucers.cups.cs.cmu.edu/fallproject/posts?id=1157fb24921249c141ed1e9279858dd7;postid=1;type=p;uc=u]


Processing HomeController#index (for 12.31.142.2 at 2011-11-17 15:00:00) [GET]
Redirected to http://saucers.cups.cs.cmu.edu/fallproject/users
Completed in 5ms (DB: 1) | 302 Found [http://saucers.cups.cs.cmu.edu/fallproject/home]


Processing UsersController#index (for 12.31.142.2 at 2011-11-17 15:00:00) [GET]
Rendering template within layouts/application
Rendering users/index
Completed in 755ms (View: 6, DB: 1) | 200 OK [http://saucers.cups.cs.cmu.edu/fallproject/users]


Processing UsersController#edit (for 12.31.142.2 at 2011-11-17 15:00:03) [GET]
  Parameters: {"id"=>"1"}
Rendering template within layouts/application
Rendering users/edit
Completed in 15ms (View: 13, DB: 0) | 200 OK [http://saucers.cups.cs.cmu.edu/fallproject/users/1/edit]


Processing HomeController#index (for 128.237.233.99 at 2011-11-17 15:08:16) [GET]
Redirected to http://saucers.cups.cs.cmu.edu/fallproject/users
Completed in 5ms (DB: 1) | 302 Found [http://saucers.cups.cs.cmu.edu/fallproject/home]


Processing UsersController#index (for 128.237.233.99 at 2011-11-17 15:08:16) [GET]
Filter chain halted as [:authenticate] rendered_or_redirected.
Completed in 1ms (View: 0, DB: 0) | 401 Unauthorized [http://saucers.cups.cs.cmu.edu/fallproject/users]


Processing HomeController#twilioResponse (for 184.72.150.31 at 2011-11-17 15:49:17) [POST]
  Parameters: {"FromState"=>"PA", "ToState"=>"PA", "AccountSid"=>"AC0bb1fd0388354f33b14da8ad86289a4f", "Body"=>"Me@rebeccahunt.com", "SmsMessageSid"=>"SM4c42077dfd1bdd15fa83c881469d0687", "FromCity"=>"PITTSBURGH", "From"=>"+14124785168", "SmsStatus"=>"received", "To"=>"+14123574034", "FromCountry"=>"US", "FromZip"=>"15290", "ToCity"=>"PITTSBURGH", "ToZip"=>"15219", "ToCountry"=>"US", "SmsSid"=>"SM4c42077dfd1bdd15fa83c881469d0687", "ApiVersion"=>"2010-04-01"}
TwilioResponse entered
From: +14124785168;Body: Me@rebeccahunt.com
Creating new user...
Done creating new user
Completed in 759ms (View: 1, DB: 1) | 200 OK [http://saucers.cups.cs.cmu.edu/fallproject/home/twilioResponse]


Processing HomeController#twilioResponse (for 107.22.155.212 at 2011-11-17 15:58:39) [POST]
  Parameters: {"FromState"=>"PA", "ToState"=>"PA", "AccountSid"=>"AC0bb1fd0388354f33b14da8ad86289a4f", "Body"=>"Swim teacher said I had a pretty stroke", "SmsMessageSid"=>"SM745ea30241c544dae95f37fe782ba9be", "FromCity"=>"PITTSBURGH", "From"=>"+14124785168", "SmsStatus"=>"received", "To"=>"+14123574034", "FromCountry"=>"US", "FromZip"=>"15290", "ToCity"=>"PITTSBURGH", "ToZip"=>"15219", "ToCountry"=>"US", "SmsSid"=>"SM745ea30241c544dae95f37fe782ba9be", "ApiVersion"=>"2010-04-01"}
TwilioResponse entered
From: +14124785168;Body: Swim teacher said I had a pretty stroke
Creating new post...
Done creating new post
Completed in 768ms (View: 1, DB: 2) | 200 OK [http://saucers.cups.cs.cmu.edu/fallproject/home/twilioResponse]


Processing HomeController#twilioResponse (for 107.20.62.247 at 2011-11-17 20:05:56) [POST]
  Parameters: {"FromState"=>"PA", "ToState"=>"PA", "AccountSid"=>"AC0bb1fd0388354f33b14da8ad86289a4f", "Body"=>"My baby has more hoodiea than me", "SmsMessageSid"=>"SM12626e0149872582b0af94d456d94402", "FromCity"=>"PITTSBURGH", "From"=>"+14124785168", "SmsStatus"=>"received", "To"=>"+14123574034", "FromCountry"=>"US", "FromZip"=>"15290", "ToCity"=>"PITTSBURGH", "ToZip"=>"15219", "ToCountry"=>"US", "SmsSid"=>"SM12626e0149872582b0af94d456d94402", "ApiVersion"=>"2010-04-01"}
TwilioResponse entered
From: +14124785168;Body: My baby has more hoodiea than me
Creating new post...
Done creating new post
Completed in 766ms (View: 1, DB: 2) | 200 OK [http://saucers.cups.cs.cmu.edu/fallproject/home/twilioResponse]


Processing HomeController#index (for 12.31.142.2 at 2011-11-18 11:47:10) [GET]
Redirected to http://saucers.cups.cs.cmu.edu/fallproject/users
Completed in 5ms (DB: 1) | 302 Found [http://saucers.cups.cs.cmu.edu/fallproject/home]


Processing UsersController#index (for 12.31.142.2 at 2011-11-18 11:47:10) [GET]
Rendering template within layouts/application
Rendering users/index
Completed in 849ms (View: 6, DB: 3) | 200 OK [http://saucers.cups.cs.cmu.edu/fallproject/users]


Processing UsersController#edit (for 12.31.142.2 at 2011-11-18 11:47:14) [GET]
  Parameters: {"id"=>"2"}
Rendering template within layouts/application
Rendering users/edit
Completed in 15ms (View: 13, DB: 0) | 200 OK [http://saucers.cups.cs.cmu.edu/fallproject/users/2/edit]


Processing HomeController#index (for 12.31.142.2 at 2011-11-18 11:47:17) [GET]
  Parameters: {"id"=>"68cf9e4c963b5adae77cd6851442a4d2"}
Rendering template within layouts/application
Rendering home/index
Completed in 112ms (View: 5, DB: 2) | 200 OK [http://saucers.cups.cs.cmu.edu/fallproject/home?id=68cf9e4c963b5adae77cd6851442a4d2]


Processing HomeController#index (for 12.31.142.2 at 2011-11-18 11:47:19) [GET]
  Parameters: {"id"=>"68cf9e4c963b5adae77cd6851442a4d2", "date"=>"2011/11/17"}
Rendering template within layouts/application
Rendering home/index
Completed in 61ms (View: 54, DB: 1) | 200 OK [http://saucers.cups.cs.cmu.edu/fallproject/home?id=68cf9e4c963b5adae77cd6851442a4d2;date=2011/11/17]


Processing HomeController#index (for 12.31.142.2 at 2011-11-18 11:47:24) [GET]
  Parameters: {"id"=>"68cf9e4c963b5adae77cd6851442a4d2"}
Rendering template within layouts/application
Rendering home/index
Completed in 14ms (View: 2, DB: 2) | 200 OK [http://saucers.cups.cs.cmu.edu/fallproject/home?id=68cf9e4c963b5adae77cd6851442a4d2]


Processing HomeController#index (for 12.31.142.2 at 2011-11-18 11:47:26) [GET]
  Parameters: {"id"=>"68cf9e4c963b5adae77cd6851442a4d2", "date"=>"2011/11/18"}
Rendering template within layouts/application
Rendering home/index
Completed in 9ms (View: 3, DB: 1) | 200 OK [http://saucers.cups.cs.cmu.edu/fallproject/home?id=68cf9e4c963b5adae77cd6851442a4d2;date=2011/11/18]


Processing HomeController#index (for 12.31.142.2 at 2011-11-18 11:47:32) [GET]
  Parameters: {"id"=>"68cf9e4c963b5adae77cd6851442a4d2"}
Rendering template within layouts/application
Rendering home/index
Completed in 13ms (View: 2, DB: 2) | 200 OK [http://saucers.cups.cs.cmu.edu/fallproject/home?id=68cf9e4c963b5adae77cd6851442a4d2]


Processing HomeController#index (for 12.31.142.2 at 2011-11-18 11:47:44) [GET]
Redirected to http://saucers.cups.cs.cmu.edu/fallproject/users
Completed in 2ms (DB: 0) | 302 Found [http://saucers.cups.cs.cmu.edu/fallproject/home]


Processing UsersController#index (for 12.31.142.2 at 2011-11-18 11:47:44) [GET]
Rendering template within layouts/application
Rendering users/index
Completed in 17ms (View: 3, DB: 3) | 200 OK [http://saucers.cups.cs.cmu.edu/fallproject/users]


Processing UsersController#edit (for 12.31.142.2 at 2011-11-18 11:47:50) [GET]
  Parameters: {"id"=>"2"}
Rendering template within layouts/application
Rendering users/edit
Completed in 13ms (View: 12, DB: 0) | 200 OK [http://saucers.cups.cs.cmu.edu/fallproject/users/2/edit]


Processing HomeController#index (for 12.31.142.2 at 2011-11-18 17:40:42) [GET]
Redirected to http://saucers.cups.cs.cmu.edu/fallproject/users
Completed in 5ms (DB: 1) | 302 Found [http://saucers.cups.cs.cmu.edu/fallproject/home]


Processing UsersController#index (for 12.31.142.2 at 2011-11-18 17:40:42) [GET]
Rendering template within layouts/application
Rendering users/index
Completed in 767ms (View: 6, DB: 3) | 200 OK [http://saucers.cups.cs.cmu.edu/fallproject/users]


Processing UsersController#edit (for 12.31.142.2 at 2011-11-18 17:40:48) [GET]
  Parameters: {"id"=>"1"}
Rendering template within layouts/application
Rendering users/edit
Completed in 15ms (View: 13, DB: 0) | 200 OK [http://saucers.cups.cs.cmu.edu/fallproject/users/1/edit]


Processing HomeController#index (for 12.31.142.2 at 2011-11-18 17:40:52) [GET]
  Parameters: {"id"=>"1157fb24921249c141ed1e9279858dd7"}
Rendering template within layouts/application
Rendering home/index
Completed in 110ms (View: 102, DB: 2) | 200 OK [http://saucers.cups.cs.cmu.edu/fallproject/home?id=1157fb24921249c141ed1e9279858dd7]


Processing HomeController#index (for 12.31.142.2 at 2011-11-18 17:40:55) [GET]
  Parameters: {"id"=>"1157fb24921249c141ed1e9279858dd7", "date"=>"2011/11/17"}
Rendering template within layouts/application
Rendering home/index
Completed in 39ms (View: 32, DB: 1) | 200 OK [http://saucers.cups.cs.cmu.edu/fallproject/home?id=1157fb24921249c141ed1e9279858dd7;date=2011/11/17]


Processing HomeController#index (for 12.31.142.2 at 2011-11-18 17:40:59) [GET]
  Parameters: {"id"=>"1157fb24921249c141ed1e9279858dd7"}
Rendering template within layouts/application
Rendering home/index
Completed in 10ms (View: 2, DB: 2) | 200 OK [http://saucers.cups.cs.cmu.edu/fallproject/home?id=1157fb24921249c141ed1e9279858dd7]


Processing HomeController#index (for 12.31.142.2 at 2011-11-18 17:41:19) [GET]
Redirected to http://saucers.cups.cs.cmu.edu/fallproject/users
Completed in 2ms (DB: 0) | 302 Found [http://saucers.cups.cs.cmu.edu/fallproject/home]


Processing UsersController#index (for 12.31.142.2 at 2011-11-18 17:41:19) [GET]
Rendering template within layouts/application
Rendering users/index
Completed in 18ms (View: 3, DB: 3) | 200 OK [http://saucers.cups.cs.cmu.edu/fallproject/users]


Processing UsersController#edit (for 12.31.142.2 at 2011-11-18 17:41:21) [GET]
  Parameters: {"id"=>"2"}
Rendering template within layouts/application
Rendering users/edit
Completed in 13ms (View: 12, DB: 0) | 200 OK [http://saucers.cups.cs.cmu.edu/fallproject/users/2/edit]


Processing HomeController#index (for 12.31.142.2 at 2011-11-18 17:41:44) [GET]
  Parameters: {"id"=>"68cf9e4c963b5adae77cd6851442a4d2"}
Rendering template within layouts/application
Rendering home/index
Completed in 13ms (View: 2, DB: 2) | 200 OK [http://saucers.cups.cs.cmu.edu/fallproject/home?id=68cf9e4c963b5adae77cd6851442a4d2]


Processing HomeController#index (for 12.31.142.2 at 2011-11-18 17:41:46) [GET]
  Parameters: {"id"=>"68cf9e4c963b5adae77cd6851442a4d2", "date"=>"2011/11/17"}
Rendering template within layouts/application
Rendering home/index
Completed in 9ms (View: 3, DB: 1) | 200 OK [http://saucers.cups.cs.cmu.edu/fallproject/home?id=68cf9e4c963b5adae77cd6851442a4d2;date=2011/11/17]


Processing HomeController#index (for 12.31.142.2 at 2011-11-18 17:42:03) [GET]
  Parameters: {"id"=>"68cf9e4c963b5adae77cd6851442a4d2"}
Rendering template within layouts/application
Rendering home/index
Completed in 13ms (View: 2, DB: 2) | 200 OK [http://saucers.cups.cs.cmu.edu/fallproject/home?id=68cf9e4c963b5adae77cd6851442a4d2]


Processing HomeController#index (for 12.31.142.2 at 2011-11-18 17:42:05) [GET]
  Parameters: {"id"=>"68cf9e4c963b5adae77cd6851442a4d2", "date"=>"2011/11/18"}
Rendering template within layouts/application
Rendering home/index
Completed in 9ms (View: 3, DB: 1) | 200 OK [http://saucers.cups.cs.cmu.edu/fallproject/home?id=68cf9e4c963b5adae77cd6851442a4d2;date=2011/11/18]


Processing HomeController#index (for 12.31.142.2 at 2011-11-18 17:42:17) [GET]
  Parameters: {"id"=>"68cf9e4c963b5adae77cd6851442a4d2"}
Rendering template within layouts/application
Rendering home/index
Completed in 13ms (View: 2, DB: 2) | 200 OK [http://saucers.cups.cs.cmu.edu/fallproject/home?id=68cf9e4c963b5adae77cd6851442a4d2]


Processing UsersController#edit (for 12.31.142.2 at 2011-11-18 20:09:57) [GET]
  Parameters: {"id"=>"1"}
Filter chain halted as [:authenticate] rendered_or_redirected.
Completed in 1ms (View: 1, DB: 0) | 401 Unauthorized [http://saucers.cups.cs.cmu.edu/fallproject/users/1/edit]


Processing HomeController#index (for 66.173.37.50 at 2011-11-19 15:14:42) [GET]
Redirected to http://saucers.cups.cs.cmu.edu/fallproject/users
Completed in 5ms (DB: 1) | 302 Found [http://saucers.cups.cs.cmu.edu/fallproject/home]


Processing UsersController#index (for 66.173.37.50 at 2011-11-19 15:14:42) [GET]
Filter chain halted as [:authenticate] rendered_or_redirected.
Completed in 1ms (View: 0, DB: 0) | 401 Unauthorized [http://saucers.cups.cs.cmu.edu/fallproject/users]


Processing UsersController#index (for 66.173.37.50 at 2011-11-19 15:14:49) [GET]
Filter chain halted as [:authenticate] rendered_or_redirected.
Completed in 1ms (View: 0, DB: 0) | 401 Unauthorized [http://saucers.cups.cs.cmu.edu/fallproject/users]


Processing UsersController#index (for 66.173.37.50 at 2011-11-19 15:14:54) [GET]
Rendering template within layouts/application
Rendering users/index
Completed in 810ms (View: 6, DB: 3) | 200 OK [http://saucers.cups.cs.cmu.edu/fallproject/users]


Processing HomeController#index (for 66.173.37.50 at 2011-11-19 15:22:31) [GET]
Redirected to http://saucers.cups.cs.cmu.edu/fallproject/users
Completed in 5ms (DB: 1) | 302 Found [http://saucers.cups.cs.cmu.edu/fallproject/home]


Processing UsersController#index (for 66.173.37.50 at 2011-11-19 15:22:31) [GET]
Rendering template within layouts/application
Rendering users/index
Completed in 769ms (View: 6, DB: 3) | 200 OK [http://saucers.cups.cs.cmu.edu/fallproject/users]


Processing UsersController#edit (for 66.173.37.50 at 2011-11-19 15:22:35) [GET]
  Parameters: {"id"=>"1"}
Rendering template within layouts/application
Rendering users/edit
Completed in 172ms (View: 170, DB: 0) | 200 OK [http://saucers.cups.cs.cmu.edu/fallproject/users/1/edit]


Processing HomeController#index (for 66.173.37.50 at 2011-11-19 15:22:38) [GET]
  Parameters: {"id"=>"1157fb24921249c141ed1e9279858dd7"}
Rendering template within layouts/application
Rendering home/index
Completed in 13ms (View: 5, DB: 2) | 200 OK [http://saucers.cups.cs.cmu.edu/fallproject/home?id=1157fb24921249c141ed1e9279858dd7]


Processing HomeController#twilioResponse (for 107.22.155.212 at 2011-11-19 21:59:43) [POST]
  Parameters: {"FromState"=>"PA", "ToState"=>"PA", "AccountSid"=>"AC0bb1fd0388354f33b14da8ad86289a4f", "Body"=>"Thanksgiving dinner already", "SmsMessageSid"=>"SMa51e0b879c899d2af8dbed6a1069c97d", "FromCity"=>"PITTSBURGH", "From"=>"+14124785168", "SmsStatus"=>"received", "To"=>"+14123574034", "FromCountry"=>"US", "FromZip"=>"15290", "ToCity"=>"PITTSBURGH", "ToZip"=>"15219", "ToCountry"=>"US", "SmsSid"=>"SMa51e0b879c899d2af8dbed6a1069c97d", "ApiVersion"=>"2010-04-01"}
TwilioResponse entered
From: +14124785168;Body: Thanksgiving dinner already
Creating new post...
Done creating new post
Completed in 811ms (View: 1, DB: 20) | 200 OK [http://saucers.cups.cs.cmu.edu/fallproject/home/twilioResponse]


Processing HomeController#index (for 208.54.37.210 at 2011-11-20 05:51:58) [GET]
Redirected to http://saucers.cups.cs.cmu.edu/fallproject/users
Completed in 5ms (DB: 1) | 302 Found [http://saucers.cups.cs.cmu.edu/fallproject/home]


Processing UsersController#index (for 208.54.37.210 at 2011-11-20 05:51:58) [GET]
Filter chain halted as [:authenticate] rendered_or_redirected.
Completed in 1ms (View: 0, DB: 0) | 401 Unauthorized [http://saucers.cups.cs.cmu.edu/fallproject/users]


Processing UsersController#index (for 208.54.37.210 at 2011-11-20 05:52:19) [GET]
Rendering template within layouts/application
Rendering users/index
Completed in 773ms (View: 6, DB: 4) | 200 OK [http://saucers.cups.cs.cmu.edu/fallproject/users]


Processing UsersController#edit (for 208.54.37.210 at 2011-11-20 05:52:28) [GET]
  Parameters: {"id"=>"2"}
Filter chain halted as [:authenticate] rendered_or_redirected.
Completed in 1ms (View: 0, DB: 0) | 401 Unauthorized [http://saucers.cups.cs.cmu.edu/fallproject/users/2/edit]


Processing UsersController#edit (for 208.54.37.210 at 2011-11-20 05:52:29) [GET]
  Parameters: {"id"=>"2"}
Rendering template within layouts/application
Rendering users/edit
Completed in 147ms (View: 145, DB: 0) | 200 OK [http://saucers.cups.cs.cmu.edu/fallproject/users/2/edit]


Processing HomeController#index (for 208.54.37.210 at 2011-11-20 05:52:33) [GET]
  Parameters: {"id"=>"68cf9e4c963b5adae77cd6851442a4d2"}
Rendering template within layouts/application
Rendering home/index
Completed in 20ms (View: 5, DB: 3) | 200 OK [http://saucers.cups.cs.cmu.edu/fallproject/home?id=68cf9e4c963b5adae77cd6851442a4d2]


Processing HomeController#index (for 208.54.37.210 at 2011-11-20 05:52:35) [GET]
  Parameters: {"id"=>"68cf9e4c963b5adae77cd6851442a4d2", "date"=>"2011/11/20"}
Rendering template within layouts/application
Rendering home/index
Completed in 55ms (View: 48, DB: 1) | 200 OK [http://saucers.cups.cs.cmu.edu/fallproject/home?id=68cf9e4c963b5adae77cd6851442a4d2;date=2011/11/20]


Processing HomeController#index (for 74.94.200.129 at 2011-11-20 18:30:40) [GET]
Redirected to http://saucers.cups.cs.cmu.edu/fallproject/users
Completed in 5ms (DB: 1) | 302 Found [http://saucers.cups.cs.cmu.edu/fallproject/home]


Processing UsersController#index (for 74.94.200.129 at 2011-11-20 18:30:40) [GET]
Rendering template within layouts/application
Rendering users/index
Completed in 755ms (View: 6, DB: 4) | 200 OK [http://saucers.cups.cs.cmu.edu/fallproject/users]


Processing UsersController#edit (for 74.94.200.129 at 2011-11-20 18:30:43) [GET]
  Parameters: {"id"=>"2"}
Rendering template within layouts/application
Rendering users/edit
Completed in 15ms (View: 13, DB: 0) | 200 OK [http://saucers.cups.cs.cmu.edu/fallproject/users/2/edit]


Processing HomeController#index (for 74.94.200.129 at 2011-11-20 18:30:46) [GET]
  Parameters: {"id"=>"68cf9e4c963b5adae77cd6851442a4d2"}
Rendering template within layouts/application
Rendering home/index
Completed in 19ms (View: 5, DB: 3) | 200 OK [http://saucers.cups.cs.cmu.edu/fallproject/home?id=68cf9e4c963b5adae77cd6851442a4d2]


Processing HomeController#index (for 74.94.200.129 at 2011-11-20 18:30:48) [GET]
  Parameters: {"id"=>"68cf9e4c963b5adae77cd6851442a4d2", "date"=>"2011/11/18"}
Rendering template within layouts/application
Rendering home/index
Completed in 35ms (View: 29, DB: 1) | 200 OK [http://saucers.cups.cs.cmu.edu/fallproject/home?id=68cf9e4c963b5adae77cd6851442a4d2;date=2011/11/18]


Processing HomeController#index (for 74.94.200.129 at 2011-11-20 18:30:50) [GET]
  Parameters: {"id"=>"68cf9e4c963b5adae77cd6851442a4d2"}
Rendering template within layouts/application
Rendering home/index
Completed in 16ms (View: 2, DB: 3) | 200 OK [http://saucers.cups.cs.cmu.edu/fallproject/home?id=68cf9e4c963b5adae77cd6851442a4d2]


Processing HomeController#index (for 74.94.200.129 at 2011-11-20 18:30:51) [GET]
  Parameters: {"id"=>"68cf9e4c963b5adae77cd6851442a4d2", "date"=>"2011/11/17"}
Rendering template within layouts/application
Rendering home/index
Completed in 9ms (View: 3, DB: 1) | 200 OK [http://saucers.cups.cs.cmu.edu/fallproject/home?id=68cf9e4c963b5adae77cd6851442a4d2;date=2011/11/17]


Processing HomeController#index (for 74.94.200.129 at 2011-11-20 18:30:53) [GET]
  Parameters: {"id"=>"68cf9e4c963b5adae77cd6851442a4d2"}
Rendering template within layouts/application
Rendering home/index
Completed in 16ms (View: 2, DB: 3) | 200 OK [http://saucers.cups.cs.cmu.edu/fallproject/home?id=68cf9e4c963b5adae77cd6851442a4d2]


Processing HomeController#index (for 74.94.200.129 at 2011-11-20 19:34:26) [GET]

NoMethodError (private method `now' called for Date:Class):
  app/models/user.rb:14:in `tempSendMail'
  app/controllers/home_controller.rb:21:in `index'
  app/controllers/home_controller.rb:20:in `each'
  app/controllers/home_controller.rb:20:in `index'
  passenger (2.2.4) lib/phusion_passenger/rack/request_handler.rb:91:in `process_request'
  passenger (2.2.4) lib/phusion_passenger/abstract_request_handler.rb:206:in `main_loop'
  passenger (2.2.4) lib/phusion_passenger/railz/application_spawner.rb:376:in `start_request_handler'
  passenger (2.2.4) lib/phusion_passenger/railz/application_spawner.rb:334:in `handle_spawn_application'
  passenger (2.2.4) lib/phusion_passenger/utils.rb:182:in `safe_fork'
  passenger (2.2.4) lib/phusion_passenger/railz/application_spawner.rb:332:in `handle_spawn_application'
  passenger (2.2.4) lib/phusion_passenger/abstract_server.rb:351:in `__send__'
  passenger (2.2.4) lib/phusion_passenger/abstract_server.rb:351:in `main_loop'
  passenger (2.2.4) lib/phusion_passenger/abstract_server.rb:195:in `start_synchronously'
  passenger (2.2.4) lib/phusion_passenger/abstract_server.rb:162:in `start'
  passenger (2.2.4) lib/phusion_passenger/railz/application_spawner.rb:213:in `start'
  passenger (2.2.4) lib/phusion_passenger/spawn_manager.rb:261:in `spawn_rails_application'
  passenger (2.2.4) lib/phusion_passenger/abstract_server_collection.rb:126:in `lookup_or_add'
  passenger (2.2.4) lib/phusion_passenger/spawn_manager.rb:255:in `spawn_rails_application'
  passenger (2.2.4) lib/phusion_passenger/abstract_server_collection.rb:80:in `synchronize'
  passenger (2.2.4) lib/phusion_passenger/abstract_server_collection.rb:79:in `synchronize'
  passenger (2.2.4) lib/phusion_passenger/spawn_manager.rb:254:in `spawn_rails_application'
  passenger (2.2.4) lib/phusion_passenger/spawn_manager.rb:153:in `spawn_application'
  passenger (2.2.4) lib/phusion_passenger/spawn_manager.rb:286:in `handle_spawn_application'
  passenger (2.2.4) lib/phusion_passenger/abstract_server.rb:351:in `__send__'
  passenger (2.2.4) lib/phusion_passenger/abstract_server.rb:351:in `main_loop'
  passenger (2.2.4) lib/phusion_passenger/abstract_server.rb:195:in `start_synchronously'

Rendering /home/upsfall2011/public/500.html (500 Internal Server Error)


Processing HomeController#index (for 74.94.200.129 at 2011-11-20 19:34:35) [GET]

NoMethodError (private method `now' called for Date:Class):
  app/models/user.rb:14:in `tempSendMail'
  app/controllers/home_controller.rb:21:in `index'
  app/controllers/home_controller.rb:20:in `each'
  app/controllers/home_controller.rb:20:in `index'
  passenger (2.2.4) lib/phusion_passenger/rack/request_handler.rb:91:in `process_request'
  passenger (2.2.4) lib/phusion_passenger/abstract_request_handler.rb:206:in `main_loop'
  passenger (2.2.4) lib/phusion_passenger/railz/application_spawner.rb:376:in `start_request_handler'
  passenger (2.2.4) lib/phusion_passenger/railz/application_spawner.rb:334:in `handle_spawn_application'
  passenger (2.2.4) lib/phusion_passenger/utils.rb:182:in `safe_fork'
  passenger (2.2.4) lib/phusion_passenger/railz/application_spawner.rb:332:in `handle_spawn_application'
  passenger (2.2.4) lib/phusion_passenger/abstract_server.rb:351:in `__send__'
  passenger (2.2.4) lib/phusion_passenger/abstract_server.rb:351:in `main_loop'
  passenger (2.2.4) lib/phusion_passenger/abstract_server.rb:195:in `start_synchronously'
  passenger (2.2.4) lib/phusion_passenger/abstract_server.rb:162:in `start'
  passenger (2.2.4) lib/phusion_passenger/railz/application_spawner.rb:213:in `start'
  passenger (2.2.4) lib/phusion_passenger/spawn_manager.rb:261:in `spawn_rails_application'
  passenger (2.2.4) lib/phusion_passenger/abstract_server_collection.rb:126:in `lookup_or_add'
  passenger (2.2.4) lib/phusion_passenger/spawn_manager.rb:255:in `spawn_rails_application'
  passenger (2.2.4) lib/phusion_passenger/abstract_server_collection.rb:80:in `synchronize'
  passenger (2.2.4) lib/phusion_passenger/abstract_server_collection.rb:79:in `synchronize'
  passenger (2.2.4) lib/phusion_passenger/spawn_manager.rb:254:in `spawn_rails_application'
  passenger (2.2.4) lib/phusion_passenger/spawn_manager.rb:153:in `spawn_application'
  passenger (2.2.4) lib/phusion_passenger/spawn_manager.rb:286:in `handle_spawn_application'
  passenger (2.2.4) lib/phusion_passenger/abstract_server.rb:351:in `__send__'
  passenger (2.2.4) lib/phusion_passenger/abstract_server.rb:351:in `main_loop'
  passenger (2.2.4) lib/phusion_passenger/abstract_server.rb:195:in `start_synchronously'

Rendering /home/upsfall2011/public/500.html (500 Internal Server Error)


Processing HomeController#index (for 74.94.200.129 at 2011-11-20 19:34:36) [GET]

NoMethodError (private method `now' called for Date:Class):
  app/models/user.rb:14:in `tempSendMail'
  app/controllers/home_controller.rb:21:in `index'
  app/controllers/home_controller.rb:20:in `each'
  app/controllers/home_controller.rb:20:in `index'
  passenger (2.2.4) lib/phusion_passenger/rack/request_handler.rb:91:in `process_request'
  passenger (2.2.4) lib/phusion_passenger/abstract_request_handler.rb:206:in `main_loop'
  passenger (2.2.4) lib/phusion_passenger/railz/application_spawner.rb:376:in `start_request_handler'
  passenger (2.2.4) lib/phusion_passenger/railz/application_spawner.rb:334:in `handle_spawn_application'
  passenger (2.2.4) lib/phusion_passenger/utils.rb:182:in `safe_fork'
  passenger (2.2.4) lib/phusion_passenger/railz/application_spawner.rb:332:in `handle_spawn_application'
  passenger (2.2.4) lib/phusion_passenger/abstract_server.rb:351:in `__send__'
  passenger (2.2.4) lib/phusion_passenger/abstract_server.rb:351:in `main_loop'
  passenger (2.2.4) lib/phusion_passenger/abstract_server.rb:195:in `start_synchronously'
  passenger (2.2.4) lib/phusion_passenger/abstract_server.rb:162:in `start'
  passenger (2.2.4) lib/phusion_passenger/railz/application_spawner.rb:213:in `start'
  passenger (2.2.4) lib/phusion_passenger/spawn_manager.rb:261:in `spawn_rails_application'
  passenger (2.2.4) lib/phusion_passenger/abstract_server_collection.rb:126:in `lookup_or_add'
  passenger (2.2.4) lib/phusion_passenger/spawn_manager.rb:255:in `spawn_rails_application'
  passenger (2.2.4) lib/phusion_passenger/abstract_server_collection.rb:80:in `synchronize'
  passenger (2.2.4) lib/phusion_passenger/abstract_server_collection.rb:79:in `synchronize'
  passenger (2.2.4) lib/phusion_passenger/spawn_manager.rb:254:in `spawn_rails_application'
  passenger (2.2.4) lib/phusion_passenger/spawn_manager.rb:153:in `spawn_application'
  passenger (2.2.4) lib/phusion_passenger/spawn_manager.rb:286:in `handle_spawn_application'
  passenger (2.2.4) lib/phusion_passenger/abstract_server.rb:351:in `__send__'
  passenger (2.2.4) lib/phusion_passenger/abstract_server.rb:351:in `main_loop'
  passenger (2.2.4) lib/phusion_passenger/abstract_server.rb:195:in `start_synchronously'

Rendering /home/upsfall2011/public/500.html (500 Internal Server Error)


Processing HomeController#index (for 74.94.200.129 at 2011-11-20 19:36:09) [GET]
Sent mail to sauvik@cmu.edu
Sent mail to Me@rebeccahunt.com
Redirected to http://saucers.cups.cs.cmu.edu/fallproject/users
Completed in 64ms (DB: 1) | 302 Found [http://saucers.cups.cs.cmu.edu/fallproject/home]


Processing UsersController#index (for 74.94.200.129 at 2011-11-20 19:36:10) [GET]
Rendering template within layouts/application
Rendering users/index
Completed in 796ms (View: 4, DB: 4) | 200 OK [http://saucers.cups.cs.cmu.edu/fallproject/users]


Processing HomeController#index (for 74.94.200.129 at 2011-11-20 19:36:23) [GET]
  Parameters: {"id"=>"1157fb24921249c141ed1e9279858dd7", "date"=>"2011/11/19"}
Sent mail to sauvik@cmu.edu
Sent mail to Me@rebeccahunt.com
Redirected to http://saucers.cups.cs.cmu.edu/fallproject/home/forgot_posts?id=1157fb24921249c141ed1e9279858dd7;date=2011/11/19
Completed in 64ms (DB: 1) | 302 Found [http://saucers.cups.cs.cmu.edu/fallproject/home?id=1157fb24921249c141ed1e9279858dd7;date=2011/11/19]


Processing HomeController#forgot_posts (for 74.94.200.129 at 2011-11-20 19:36:24) [GET]
  Parameters: {"id"=>"1157fb24921249c141ed1e9279858dd7", "date"=>"2011/11/19"}
Rendering template within layouts/application
Rendering home/forgot_posts
Completed in 6ms (View: 4, DB: 0) | 200 OK [http://saucers.cups.cs.cmu.edu/fallproject/home/forgot_posts?id=1157fb24921249c141ed1e9279858dd7;date=2011/11/19]


Processing UsersController#index (for 74.94.200.129 at 2011-11-20 19:38:22) [GET]
Rendering template within layouts/application
Rendering users/index
Completed in 770ms (View: 6, DB: 4) | 200 OK [http://saucers.cups.cs.cmu.edu/fallproject/users]


Processing HomeController#index (for 74.94.200.129 at 2011-11-20 19:38:47) [GET]
  Parameters: {"id"=>"1157fb24921249c141ed1e9279858dd7"}
Rendering template within layouts/application
Rendering home/index
Completed in 14ms (View: 5, DB: 2) | 200 OK [http://saucers.cups.cs.cmu.edu/fallproject/home?id=1157fb24921249c141ed1e9279858dd7]


Processing UsersController#edit (for 74.94.200.129 at 2011-11-20 20:45:36) [GET]
  Parameters: {"id"=>"1"}
Rendering template within layouts/application
Rendering users/edit
Completed in 691ms (View: 686, DB: 0) | 200 OK [http://saucers.cups.cs.cmu.edu/fallproject/users/1/edit]


Processing HomeController#index (for 172.31.53.21 at 2011-11-20 20:57:18) [GET]
  Parameters: {"id"=>"68cf9e4c963b5adae77cd6851442a4d2", "date"=>"2011/11/19"}
Redirected to http://saucers.cups.cs.cmu.edu/fallproject/home/forgot_posts?id=68cf9e4c963b5adae77cd6851442a4d2;date=2011/11/19
Completed in 178ms (DB: 2) | 302 Found [http://saucers.cups.cs.cmu.edu/fallproject/home?id=68cf9e4c963b5adae77cd6851442a4d2;date=2011/11/19]


Processing HomeController#forgot_posts (for 172.31.53.21 at 2011-11-20 20:57:18) [GET]
  Parameters: {"id"=>"68cf9e4c963b5adae77cd6851442a4d2", "date"=>"2011/11/19"}
Rendering template within layouts/application
Rendering home/forgot_posts
Completed in 42ms (View: 40, DB: 0) | 200 OK [http://saucers.cups.cs.cmu.edu/fallproject/home/forgot_posts?id=68cf9e4c963b5adae77cd6851442a4d2;date=2011/11/19]


Processing PostsController#index (for 172.31.53.21 at 2011-11-20 20:57:28) [GET]
  Parameters: {"uc"=>"c", "authenticity_token"=>"JHtlSXMmKJIjiQanAOFj/KSNIkOuijzYDFcZJAUrcj0=", "id"=>"68cf9e4c963b5adae77cd6851442a4d2", "date"=>"2011/11/19", "type"=>"p"}
Rendering template within layouts/application
Rendering posts/index
Completed in 760ms (View: 132, DB: 29) | 200 OK [http://saucers.cups.cs.cmu.edu/fallproject/posts?id=68cf9e4c963b5adae77cd6851442a4d2;date=2011/11/19;type=p;uc=c]


Processing HomeController#index (for 172.31.53.21 at 2011-11-20 20:59:05) [PUT]
  Parameters: {"commit"=>"Update", "post"=>{"p1"=>"I forgot", "p2"=>"Probably Lorrie", "sms_date"=>"2011-11-19 00:00:00 UTC", "p3"=>"Probably running friends", "p4"=>"I didn't decide not to, I just forgot.", "p5"=>"na", "long_description"=>"I went running and thought about posting something about doing intervals", "sms_body"=>"[Blank]"}, "uc"=>"c", "authenticity_token"=>"JHtlSXMmKJIjiQanAOFj/KSNIkOuijzYDFcZJAUrcj0=", "id"=>"68cf9e4c963b5adae77cd6851442a4d2", "date"=>"2011/11/19", "postid"=>"5"}
Rendering template within layouts/application
Rendering home/index
Completed in 25ms (View: 5, DB: 3) | 200 OK [http://saucers.cups.cs.cmu.edu/fallproject/home?id=68cf9e4c963b5adae77cd6851442a4d2;date=2011/11/19;postid=5;uc=c]


Processing HomeController#index (for 172.31.53.21 at 2011-11-20 20:59:53) [GET]
  Parameters: {"id"=>"68cf9e4c963b5adae77cd6851442a4d2"}
Rendering template within layouts/application
Rendering home/index
Completed in 21ms (View: 2, DB: 4) | 200 OK [http://saucers.cups.cs.cmu.edu/fallproject/home?id=68cf9e4c963b5adae77cd6851442a4d2]


Processing HomeController#index (for 172.31.53.21 at 2011-11-20 21:00:58) [GET]
  Parameters: {"id"=>"68cf9e4c963b5adae77cd6851442a4d2"}
Rendering template within layouts/application
Rendering home/index
Completed in 21ms (View: 2, DB: 4) | 200 OK [http://saucers.cups.cs.cmu.edu/fallproject/home?id=68cf9e4c963b5adae77cd6851442a4d2]


Processing HomeController#index (for 172.31.53.21 at 2011-11-20 21:02:04) [GET]
  Parameters: {"id"=>"68cf9e4c963b5adae77cd6851442a4d2", "date"=>"2011/11/20"}
Rendering template within layouts/application
Rendering home/index
Completed in 9ms (View: 3, DB: 1) | 200 OK [http://saucers.cups.cs.cmu.edu/fallproject/home?id=68cf9e4c963b5adae77cd6851442a4d2;date=2011/11/20]


Processing PostsController#index (for 172.31.53.21 at 2011-11-20 21:02:12) [GET]
  Parameters: {"uc"=>"u", "id"=>"68cf9e4c963b5adae77cd6851442a4d2", "type"=>"p", "postid"=>"4"}
Rendering template within layouts/application
Rendering posts/index
Completed in 10ms (View: 7, DB: 1) | 200 OK [http://saucers.cups.cs.cmu.edu/fallproject/posts?id=68cf9e4c963b5adae77cd6851442a4d2;postid=4;type=p;uc=u]


Processing HomeController#index (for 172.31.53.21 at 2011-11-20 21:04:00) [PUT]
  Parameters: {"commit"=>"Update", "post"=>{"p1"=>"I couldn't think of the right words to make it interesting", "p2"=>"", "sms_date"=>"2011-11-20 02:59:43", "p3"=>"no, but it would have been more interesting to CMU EPP friends who were there", "p4"=>"I didn't decide not to as much as I couldn't find the right words", "p5"=>"", "long_description"=>"I had thanksgiving dinner at friends and was going to post about having it early", "sms_body"=>"Thanksgiving dinner already"}, "uc"=>"u", "authenticity_token"=>"JHtlSXMmKJIjiQanAOFj/KSNIkOuijzYDFcZJAUrcj0=", "id"=>"68cf9e4c963b5adae77cd6851442a4d2", "date"=>"2011/11/20", "postid"=>"4"}
Rendering template within layouts/application
Rendering home/index
Completed in 19ms (View: 3, DB: 2) | 200 OK [http://saucers.cups.cs.cmu.edu/fallproject/home?id=68cf9e4c963b5adae77cd6851442a4d2;date=2011/11/20;postid=4;uc=u]


Processing HomeController#index (for 172.31.53.21 at 2011-11-20 21:04:03) [GET]
  Parameters: {"id"=>"68cf9e4c963b5adae77cd6851442a4d2"}
Rendering template within layouts/application
Rendering home/index
Completed in 20ms (View: 2, DB: 4) | 200 OK [http://saucers.cups.cs.cmu.edu/fallproject/home?id=68cf9e4c963b5adae77cd6851442a4d2]


Processing HomeController#index (for 172.31.53.21 at 2011-11-20 21:04:07) [GET]
  Parameters: {"id"=>"68cf9e4c963b5adae77cd6851442a4d2", "date"=>"2011/11/20"}
Rendering template within layouts/application
Rendering home/index
Completed in 9ms (View: 3, DB: 1) | 200 OK [http://saucers.cups.cs.cmu.edu/fallproject/home?id=68cf9e4c963b5adae77cd6851442a4d2;date=2011/11/20]


Processing HomeController#index (for 172.31.53.21 at 2011-11-20 21:04:10) [GET]
  Parameters: {"id"=>"68cf9e4c963b5adae77cd6851442a4d2"}
Rendering template within layouts/application
Rendering home/index
Completed in 20ms (View: 2, DB: 3) | 200 OK [http://saucers.cups.cs.cmu.edu/fallproject/home?id=68cf9e4c963b5adae77cd6851442a4d2]


Processing HomeController#index (for 172.31.53.21 at 2011-11-20 21:04:14) [GET]
  Parameters: {"id"=>"68cf9e4c963b5adae77cd6851442a4d2", "date"=>"2011/11/18"}
Rendering template within layouts/application
Rendering home/index
Completed in 9ms (View: 3, DB: 1) | 200 OK [http://saucers.cups.cs.cmu.edu/fallproject/home?id=68cf9e4c963b5adae77cd6851442a4d2;date=2011/11/18]


Processing PostsController#index (for 172.31.53.21 at 2011-11-20 21:04:18) [GET]
  Parameters: {"uc"=>"u", "id"=>"68cf9e4c963b5adae77cd6851442a4d2", "type"=>"p", "postid"=>"3"}
Rendering template within layouts/application
Rendering posts/index
Completed in 10ms (View: 7, DB: 1) | 200 OK [http://saucers.cups.cs.cmu.edu/fallproject/posts?id=68cf9e4c963b5adae77cd6851442a4d2;postid=3;type=p;uc=u]


Processing HomeController#index (for 172.31.53.21 at 2011-11-20 21:05:09) [PUT]
  Parameters: {"commit"=>"Update", "post"=>{"p1"=>"I already post too much about my baby", "p2"=>"all my friends without babies", "sms_date"=>"2011-11-18 01:05:56", "p3"=>"my family", "p4"=>"", "p5"=>"", "long_description"=>"I was thinking that my baby has cuter clothes than  I do, and I want a hoodie", "sms_body"=>"My baby has more hoodiea than me"}, "uc"=>"u", "authenticity_token"=>"JHtlSXMmKJIjiQanAOFj/KSNIkOuijzYDFcZJAUrcj0=", "id"=>"68cf9e4c963b5adae77cd6851442a4d2", "date"=>"2011/11/18", "postid"=>"3"}
Rendering template within layouts/application
Rendering home/index
Completed in 22ms (View: 3, DB: 2) | 200 OK [http://saucers.cups.cs.cmu.edu/fallproject/home?id=68cf9e4c963b5adae77cd6851442a4d2;date=2011/11/18;postid=3;uc=u]


Processing HomeController#index (for 172.31.53.21 at 2011-11-20 21:05:11) [GET]
  Parameters: {"id"=>"68cf9e4c963b5adae77cd6851442a4d2"}
Rendering template within layouts/application
Rendering home/index
Completed in 20ms (View: 2, DB: 3) | 200 OK [http://saucers.cups.cs.cmu.edu/fallproject/home?id=68cf9e4c963b5adae77cd6851442a4d2]


Processing HomeController#index (for 172.31.53.21 at 2011-11-20 21:05:13) [GET]
  Parameters: {"id"=>"68cf9e4c963b5adae77cd6851442a4d2", "date"=>"2011/11/17"}
Rendering template within layouts/application
Rendering home/index
Completed in 9ms (View: 3, DB: 1) | 200 OK [http://saucers.cups.cs.cmu.edu/fallproject/home?id=68cf9e4c963b5adae77cd6851442a4d2;date=2011/11/17]


Processing PostsController#index (for 172.31.53.21 at 2011-11-20 21:05:16) [GET]
  Parameters: {"uc"=>"u", "id"=>"68cf9e4c963b5adae77cd6851442a4d2", "type"=>"p", "postid"=>"2"}
Rendering template within layouts/application
Rendering posts/index
Completed in 10ms (View: 7, DB: 1) | 200 OK [http://saucers.cups.cs.cmu.edu/fallproject/posts?id=68cf9e4c963b5adae77cd6851442a4d2;postid=2;type=p;uc=u]


Processing HomeController#index (for 172.31.53.21 at 2011-11-20 21:08:20) [PUT]
  Parameters: {"commit"=>"Update", "post"=>{"p1"=>"I wanted to avoid double entendres with the word stroke, also I'm not that good of a swimmer", "p2"=>"non-swimmers - maybe anyone I went to high school with", "sms_date"=>"2011-11-17 20:58:39", "p3"=>"no", "p4"=>"In class", "p5"=>"sitting in class", "long_description"=>"I felt like bragging that my swim teacher had complemented my stroke", "sms_body"=>"Swim teacher said I had a pretty stroke"}, "uc"=>"u", "authenticity_token"=>"JHtlSXMmKJIjiQanAOFj/KSNIkOuijzYDFcZJAUrcj0=", "id"=>"68cf9e4c963b5adae77cd6851442a4d2", "date"=>"2011/11/17", "postid"=>"2"}
Rendering template within layouts/application
Rendering home/index
Completed in 22ms (View: 2, DB: 2) | 200 OK [http://saucers.cups.cs.cmu.edu/fallproject/home?id=68cf9e4c963b5adae77cd6851442a4d2;date=2011/11/17;postid=2;uc=u]


Processing HomeController#index (for 74.94.200.129 at 2011-11-20 22:45:07) [GET]
Redirected to http://saucers.cups.cs.cmu.edu/fallproject/users
Completed in 5ms (DB: 1) | 302 Found [http://saucers.cups.cs.cmu.edu/fallproject/home]


Processing UsersController#index (for 74.94.200.129 at 2011-11-20 22:45:09) [GET]
Rendering template within layouts/application
Rendering users/index
Completed in 781ms (View: 6, DB: 4) | 200 OK [http://saucers.cups.cs.cmu.edu/fallproject/users]


Processing UsersController#edit (for 74.94.200.129 at 2011-11-20 22:45:14) [GET]
  Parameters: {"id"=>"1"}
Rendering template within layouts/application
Rendering users/edit
Completed in 15ms (View: 13, DB: 0) | 200 OK [http://saucers.cups.cs.cmu.edu/fallproject/users/1/edit]


Processing HomeController#index (for 74.94.200.129 at 2011-11-20 22:45:15) [GET]
  Parameters: {"id"=>"1157fb24921249c141ed1e9279858dd7"}
Rendering template within layouts/application
Rendering home/index
Completed in 13ms (View: 5, DB: 2) | 200 OK [http://saucers.cups.cs.cmu.edu/fallproject/home?id=1157fb24921249c141ed1e9279858dd7]


Processing HomeController#index (for 74.94.200.129 at 2011-11-20 22:45:17) [GET]
  Parameters: {"id"=>"1157fb24921249c141ed1e9279858dd7", "date"=>"2011/11/17"}
Rendering template within layouts/application
Rendering home/index
Completed in 128ms (View: 121, DB: 1) | 200 OK [http://saucers.cups.cs.cmu.edu/fallproject/home?id=1157fb24921249c141ed1e9279858dd7;date=2011/11/17]


Processing PostsController#index (for 74.94.200.129 at 2011-11-20 22:45:19) [GET]
  Parameters: {"uc"=>"u", "id"=>"1157fb24921249c141ed1e9279858dd7", "type"=>"p", "postid"=>"1"}
Rendering template within layouts/application
Rendering posts/index
Completed in 16ms (View: 11, DB: 1) | 200 OK [http://saucers.cups.cs.cmu.edu/fallproject/posts?id=1157fb24921249c141ed1e9279858dd7;postid=1;type=p;uc=u]


Processing HomeController#index (for 74.94.200.129 at 2011-11-20 22:45:25) [PUT]
  Parameters: {"commit"=>"Update", "post"=>{"p1"=>"why not?", "p2"=>"test", "sms_date"=>"2011-11-17 17:24:27", "p3"=>"test", "p4"=>"test", "p5"=>"test", "long_description"=>"asdasdasad", "sms_body"=>"Hello"}, "uc"=>"u", "authenticity_token"=>"dlaksGUeWd+SI5ERw4wgBf4vYAIVI4w2q4dANiaZZns=", "id"=>"1157fb24921249c141ed1e9279858dd7", "date"=>"2011/11/17", "postid"=>"1"}
Rendering template within layouts/application
Rendering home/index
Completed in 24ms (View: 2, DB: 3) | 200 OK [http://saucers.cups.cs.cmu.edu/fallproject/home?id=1157fb24921249c141ed1e9279858dd7;date=2011/11/17;postid=1;uc=u]


Processing HomeController#index (for 74.94.200.129 at 2011-11-20 23:02:08) [GET]
Redirected to http://saucers.cups.cs.cmu.edu/fallproject/users
Completed in 5ms (DB: 1) | 302 Found [http://saucers.cups.cs.cmu.edu/fallproject/home]


Processing UsersController#index (for 74.94.200.129 at 2011-11-20 23:02:08) [GET]
Rendering template within layouts/application
Rendering users/index
Completed in 779ms (View: 6, DB: 4) | 200 OK [http://saucers.cups.cs.cmu.edu/fallproject/users]


Processing UsersController#edit (for 74.94.200.129 at 2011-11-20 23:02:13) [GET]
  Parameters: {"id"=>"2"}
Rendering template within layouts/application
Rendering users/edit
Completed in 15ms (View: 13, DB: 0) | 200 OK [http://saucers.cups.cs.cmu.edu/fallproject/users/2/edit]


Processing HomeController#index (for 74.94.200.129 at 2011-11-20 23:02:16) [GET]
  Parameters: {"id"=>"68cf9e4c963b5adae77cd6851442a4d2"}
Rendering template within layouts/application
Rendering home/index
Completed in 23ms (View: 5, DB: 3) | 200 OK [http://saucers.cups.cs.cmu.edu/fallproject/home?id=68cf9e4c963b5adae77cd6851442a4d2]


Processing HomeController#index (for 74.94.200.129 at 2011-11-20 23:02:19) [GET]
  Parameters: {"id"=>"68cf9e4c963b5adae77cd6851442a4d2", "date"=>"2011/11/19"}
Rendering template within layouts/application
Rendering home/index
Completed in 8ms (View: 2, DB: 1) | 200 OK [http://saucers.cups.cs.cmu.edu/fallproject/home?id=68cf9e4c963b5adae77cd6851442a4d2;date=2011/11/19]


Processing HomeController#index (for 74.94.200.129 at 2011-11-20 23:03:11) [GET]
  Parameters: {"id"=>"68cf9e4c963b5adae77cd6851442a4d2", "date"=>"2011/11/17"}
Rendering template within layouts/application
Rendering home/index
Completed in 8ms (View: 2, DB: 1) | 200 OK [http://saucers.cups.cs.cmu.edu/fallproject/home?id=68cf9e4c963b5adae77cd6851442a4d2;date=2011/11/17]


Processing HomeController#index (for 74.94.200.129 at 2011-11-20 23:03:14) [GET]
  Parameters: {"id"=>"68cf9e4c963b5adae77cd6851442a4d2", "date"=>"2011/11/18"}
Rendering template within layouts/application
Rendering home/index
Completed in 131ms (View: 125, DB: 1) | 200 OK [http://saucers.cups.cs.cmu.edu/fallproject/home?id=68cf9e4c963b5adae77cd6851442a4d2;date=2011/11/18]


Processing HomeController#index (for 74.94.200.129 at 2011-11-21 00:05:25) [GET]
Redirected to http://saucers.cups.cs.cmu.edu/fallproject/users
Completed in 5ms (DB: 1) | 302 Found [http://saucers.cups.cs.cmu.edu/fallproject/home]


Processing UsersController#index (for 74.94.200.129 at 2011-11-21 00:05:25) [GET]
Rendering template within layouts/application
Rendering users/index
Completed in 782ms (View: 6, DB: 4) | 200 OK [http://saucers.cups.cs.cmu.edu/fallproject/users]


Processing HomeController#index (for 74.94.200.129 at 2011-11-21 01:02:05) [GET]
Redirected to http://saucers.cups.cs.cmu.edu/fallproject/users
Completed in 5ms (DB: 1) | 302 Found [http://saucers.cups.cs.cmu.edu/fallproject/home]


Processing UsersController#index (for 74.94.200.129 at 2011-11-21 01:02:06) [GET]
Rendering template within layouts/application
Rendering users/index
Completed in 774ms (View: 6, DB: 4) | 200 OK [http://saucers.cups.cs.cmu.edu/fallproject/users]


Processing HomeController#index (for 74.94.200.129 at 2011-11-21 14:05:07) [GET]
Redirected to http://saucers.cups.cs.cmu.edu/fallproject/users
Completed in 5ms (DB: 1) | 302 Found [http://saucers.cups.cs.cmu.edu/fallproject/home]


Processing UsersController#index (for 74.94.200.129 at 2011-11-21 14:05:08) [GET]
Rendering template within layouts/application
Rendering users/index
Completed in 786ms (View: 6, DB: 5) | 200 OK [http://saucers.cups.cs.cmu.edu/fallproject/users]
Getting into send daily mail
Passed conditional for send daily mail
Getting into send daily mail
Passed conditional for send daily mail
Getting into send daily mail
Passed conditional for send daily mail
Getting into send daily mail
Passed conditional for send daily mail
Sent mail to sauvik@cmu.edu
Passed conditional for send daily mail
Sent mail to Me@rebeccahunt.com
Getting into send daily mail
Passed conditional for send daily mail
Sent mail to sauvik@cmu.edu
Passed conditional for send daily mail
Sent mail to Me@rebeccahunt.com


Processing HomeController#index (for 74.94.200.129 at 2011-11-21 15:15:37) [GET]
  Parameters: {"id"=>"1157fb24921249c141ed1e9279858dd7", "date"=>"2011/11/21"}
Redirected to http://saucers.cups.cs.cmu.edu/fallproject/home/forgot_posts?id=1157fb24921249c141ed1e9279858dd7;date=2011/11/21
Completed in 90ms (DB: 2) | 302 Found [http://saucers.cups.cs.cmu.edu/fallproject/home?id=1157fb24921249c141ed1e9279858dd7;date=2011/11/21]


Processing HomeController#forgot_posts (for 74.94.200.129 at 2011-11-21 15:15:37) [GET]
  Parameters: {"id"=>"1157fb24921249c141ed1e9279858dd7", "date"=>"2011/11/21"}
Rendering template within layouts/application
Rendering home/forgot_posts
Completed in 6ms (View: 5, DB: 0) | 200 OK [http://saucers.cups.cs.cmu.edu/fallproject/home/forgot_posts?id=1157fb24921249c141ed1e9279858dd7;date=2011/11/21]


Processing HomeController#index (for 74.94.200.129 at 2011-11-21 15:15:43) [GET]
  Parameters: {"id"=>"1157fb24921249c141ed1e9279858dd7"}
Rendering template within layouts/application
Rendering home/index
Completed in 696ms (View: 5, DB: 2) | 200 OK [http://saucers.cups.cs.cmu.edu/fallproject/home?id=1157fb24921249c141ed1e9279858dd7]
